{"/home/travis/build/npmtest/node-npmtest-ftpd/test.js":{"path":"/home/travis/build/npmtest/node-npmtest-ftpd/test.js","s":{"1":2,"2":2,"3":2,"4":2,"5":2,"6":2,"7":2,"8":1,"9":2,"10":2,"11":1,"12":1,"13":1,"14":1,"15":2,"16":2,"17":2,"18":2,"19":1,"20":1,"21":2,"22":2,"23":2,"24":1,"25":1,"26":1,"27":1,"28":1,"29":1,"30":1,"31":1,"32":1,"33":1,"34":1,"35":1,"36":1,"37":1,"38":1,"39":2,"40":2,"41":1,"42":2,"43":2,"44":1,"45":2,"46":2,"47":1,"48":2,"49":2,"50":1,"51":1,"52":1,"53":1,"54":1},"b":{"1":[2,1,1,1],"2":[1,1,1,1],"3":[1,1],"4":[1,1],"5":[1,1],"6":[1,1],"7":[1,1],"8":[1,1],"9":[1,1],"10":[1,1,1],"11":[1,1],"12":[1,1],"13":[1,1],"14":[1,1],"15":[1,1],"16":[1,1],"17":[1,1]},"f":{"1":2,"2":2,"3":2,"4":2,"5":2,"6":1,"7":1,"8":1,"9":2,"10":2,"11":2,"12":2,"13":1},"fnMap":{"1":{"name":"(anonymous_1)","line":12,"loc":{"start":{"line":12,"column":1},"end":{"line":12,"column":13}}},"2":{"name":"(anonymous_2)","line":19,"loc":{"start":{"line":19,"column":5},"end":{"line":19,"column":17}}},"3":{"name":"(anonymous_3)","line":23,"loc":{"start":{"line":23,"column":24},"end":{"line":23,"column":36}}},"4":{"name":"(anonymous_4)","line":61,"loc":{"start":{"line":61,"column":5},"end":{"line":61,"column":17}}},"5":{"name":"(anonymous_5)","line":82,"loc":{"start":{"line":82,"column":5},"end":{"line":82,"column":17}}},"6":{"name":"(anonymous_6)","line":91,"loc":{"start":{"line":91,"column":77},"end":{"line":94,"column":10}}},"7":{"name":"(anonymous_7)","line":112,"loc":{"start":{"line":112,"column":83},"end":{"line":115,"column":10}},"skip":true},"8":{"name":"(anonymous_8)","line":123,"loc":{"start":{"line":123,"column":77},"end":{"line":126,"column":10}},"skip":true},"9":{"name":"(anonymous_9)","line":139,"loc":{"start":{"line":139,"column":12},"end":{"line":139,"column":40}},"skip":true},"10":{"name":"(anonymous_10)","line":147,"loc":{"start":{"line":147,"column":77},"end":{"line":150,"column":10}},"skip":true},"11":{"name":"(anonymous_11)","line":158,"loc":{"start":{"line":158,"column":83},"end":{"line":161,"column":10}},"skip":true},"12":{"name":"(anonymous_12)","line":169,"loc":{"start":{"line":169,"column":79},"end":{"line":172,"column":10}},"skip":true},"13":{"name":"(anonymous_13)","line":180,"loc":{"start":{"line":180,"column":75},"end":{"line":183,"column":10}},"skip":true}},"statementMap":{"1":{"start":{"line":12,"column":0},"end":{"line":195,"column":5}},"2":{"start":{"line":14,"column":4},"end":{"line":14,"column":14}},"3":{"start":{"line":19,"column":4},"end":{"line":56,"column":9}},"4":{"start":{"line":21,"column":8},"end":{"line":21,"column":19}},"5":{"start":{"line":23,"column":8},"end":{"line":35,"column":13}},"6":{"start":{"line":24,"column":12},"end":{"line":34,"column":13}},"7":{"start":{"line":25,"column":16},"end":{"line":28,"column":30}},"8":{"start":{"line":30,"column":16},"end":{"line":33,"column":27}},"9":{"start":{"line":37,"column":8},"end":{"line":39,"column":21}},"10":{"start":{"line":40,"column":8},"end":{"line":53,"column":9}},"11":{"start":{"line":43,"column":12},"end":{"line":46,"column":14}},"12":{"start":{"line":47,"column":12},"end":{"line":47,"column":18}},"13":{"start":{"line":50,"column":12},"end":{"line":51,"column":46}},"14":{"start":{"line":52,"column":12},"end":{"line":52,"column":18}},"15":{"start":{"line":55,"column":8},"end":{"line":55,"column":35}},"16":{"start":{"line":61,"column":4},"end":{"line":63,"column":9}},"17":{"start":{"line":62,"column":8},"end":{"line":62,"column":15}},"18":{"start":{"line":64,"column":4},"end":{"line":77,"column":5}},"19":{"start":{"line":70,"column":8},"end":{"line":70,"column":14}},"20":{"start":{"line":76,"column":8},"end":{"line":76,"column":14}},"21":{"start":{"line":82,"column":4},"end":{"line":84,"column":9}},"22":{"start":{"line":83,"column":8},"end":{"line":83,"column":15}},"23":{"start":{"line":85,"column":4},"end":{"line":194,"column":5}},"24":{"start":{"line":91,"column":8},"end":{"line":99,"column":10}},"25":{"start":{"line":98,"column":12},"end":{"line":98,"column":35}},"26":{"start":{"line":102,"column":8},"end":{"line":104,"column":63}},"27":{"start":{"line":105,"column":8},"end":{"line":105,"column":14}},"28":{"start":{"line":112,"column":8},"end":{"line":121,"column":10},"skip":true},"29":{"start":{"line":119,"column":12},"end":{"line":119,"column":55},"skip":true},"30":{"start":{"line":120,"column":12},"end":{"line":120,"column":48},"skip":true},"31":{"start":{"line":123,"column":8},"end":{"line":136,"column":10},"skip":true},"32":{"start":{"line":130,"column":12},"end":{"line":130,"column":76},"skip":true},"33":{"start":{"line":131,"column":12},"end":{"line":131,"column":73},"skip":true},"34":{"start":{"line":132,"column":12},"end":{"line":132,"column":74},"skip":true},"35":{"start":{"line":133,"column":12},"end":{"line":133,"column":79},"skip":true},"36":{"start":{"line":134,"column":12},"end":{"line":134,"column":25},"skip":true},"37":{"start":{"line":135,"column":12},"end":{"line":135,"column":45},"skip":true},"38":{"start":{"line":138,"column":8},"end":{"line":145,"column":14},"skip":true},"39":{"start":{"line":143,"column":16},"end":{"line":143,"column":29},"skip":true},"40":{"start":{"line":144,"column":16},"end":{"line":144,"column":55},"skip":true},"41":{"start":{"line":147,"column":8},"end":{"line":156,"column":10},"skip":true},"42":{"start":{"line":154,"column":12},"end":{"line":154,"column":25},"skip":true},"43":{"start":{"line":155,"column":12},"end":{"line":155,"column":45},"skip":true},"44":{"start":{"line":158,"column":8},"end":{"line":167,"column":10},"skip":true},"45":{"start":{"line":165,"column":12},"end":{"line":165,"column":25},"skip":true},"46":{"start":{"line":166,"column":12},"end":{"line":166,"column":48},"skip":true},"47":{"start":{"line":169,"column":8},"end":{"line":178,"column":10},"skip":true},"48":{"start":{"line":176,"column":12},"end":{"line":176,"column":25},"skip":true},"49":{"start":{"line":177,"column":12},"end":{"line":177,"column":46},"skip":true},"50":{"start":{"line":180,"column":8},"end":{"line":189,"column":10},"skip":true},"51":{"start":{"line":187,"column":12},"end":{"line":187,"column":94},"skip":true},"52":{"start":{"line":188,"column":12},"end":{"line":188,"column":48},"skip":true},"53":{"start":{"line":192,"column":8},"end":{"line":192,"column":35},"skip":true},"54":{"start":{"line":193,"column":8},"end":{"line":193,"column":14},"skip":true}},"branchMap":{"1":{"line":25,"type":"binary-expr","locations":[{"start":{"line":25,"column":23},"end":{"line":25,"column":62}},{"start":{"line":26,"column":20},"end":{"line":26,"column":70}},{"start":{"line":27,"column":20},"end":{"line":27,"column":71}},{"start":{"line":28,"column":20},"end":{"line":28,"column":29}}]},"2":{"line":30,"type":"binary-expr","locations":[{"start":{"line":30,"column":23},"end":{"line":30,"column":37}},{"start":{"line":31,"column":20},"end":{"line":31,"column":61}},{"start":{"line":32,"column":20},"end":{"line":32,"column":70}},{"start":{"line":33,"column":20},"end":{"line":33,"column":26}}]},"3":{"line":37,"type":"cond-expr","locations":[{"start":{"line":38,"column":14},"end":{"line":38,"column":20}},{"start":{"line":39,"column":14},"end":{"line":39,"column":20}}]},"4":{"line":40,"type":"switch","locations":[{"start":{"line":42,"column":8},"end":{"line":47,"column":18}},{"start":{"line":49,"column":8},"end":{"line":52,"column":18}}]},"5":{"line":44,"type":"binary-expr","locations":[{"start":{"line":44,"column":16},"end":{"line":44,"column":44}},{"start":{"line":44,"column":48},"end":{"line":44,"column":66}}]},"6":{"line":50,"type":"binary-expr","locations":[{"start":{"line":50,"column":21},"end":{"line":50,"column":49}},{"start":{"line":50,"column":53},"end":{"line":50,"column":72}}]},"7":{"line":64,"type":"switch","locations":[{"start":{"line":69,"column":4},"end":{"line":70,"column":14}},{"start":{"line":75,"column":4},"end":{"line":76,"column":14}}]},"8":{"line":85,"type":"switch","locations":[{"start":{"line":90,"column":4},"end":{"line":105,"column":14}},{"start":{"line":111,"column":4},"end":{"line":193,"column":14},"skip":true}]},"9":{"line":91,"type":"binary-expr","locations":[{"start":{"line":91,"column":42},"end":{"line":91,"column":73}},{"start":{"line":91,"column":77},"end":{"line":99,"column":9}}]},"10":{"line":102,"type":"binary-expr","locations":[{"start":{"line":102,"column":18},"end":{"line":102,"column":32}},{"start":{"line":103,"column":12},"end":{"line":103,"column":53}},{"start":{"line":104,"column":12},"end":{"line":104,"column":61}}]},"11":{"line":112,"type":"binary-expr","locations":[{"start":{"line":112,"column":45},"end":{"line":112,"column":79},"skip":true},{"start":{"line":112,"column":83},"end":{"line":121,"column":9},"skip":true}]},"12":{"line":123,"type":"binary-expr","locations":[{"start":{"line":123,"column":42},"end":{"line":123,"column":73},"skip":true},{"start":{"line":123,"column":77},"end":{"line":136,"column":9},"skip":true}]},"13":{"line":138,"type":"binary-expr","locations":[{"start":{"line":138,"column":48},"end":{"line":138,"column":85},"skip":true},{"start":{"line":139,"column":12},"end":{"line":145,"column":13},"skip":true}]},"14":{"line":147,"type":"binary-expr","locations":[{"start":{"line":147,"column":42},"end":{"line":147,"column":73},"skip":true},{"start":{"line":147,"column":77},"end":{"line":156,"column":9},"skip":true}]},"15":{"line":158,"type":"binary-expr","locations":[{"start":{"line":158,"column":45},"end":{"line":158,"column":79},"skip":true},{"start":{"line":158,"column":83},"end":{"line":167,"column":9},"skip":true}]},"16":{"line":169,"type":"binary-expr","locations":[{"start":{"line":169,"column":43},"end":{"line":169,"column":75},"skip":true},{"start":{"line":169,"column":79},"end":{"line":178,"column":9},"skip":true}]},"17":{"line":180,"type":"binary-expr","locations":[{"start":{"line":180,"column":41},"end":{"line":180,"column":71},"skip":true},{"start":{"line":180,"column":75},"end":{"line":189,"column":9},"skip":true}]}},"code":["/* istanbul instrument in package npmtest_ftpd */","/*jslint","    bitwise: true,","    browser: true,","    maxerr: 8,","    maxlen: 96,","    node: true,","    nomen: true,","    regexp: true,","    stupid: true","*/","(function () {","    'use strict';","    var local;","","","","    // run shared js-env code - pre-init","    (function () {","        // init local","        local = {};","        // init modeJs","        local.modeJs = (function () {","            try {","                return typeof navigator.userAgent === 'string' &&","                    typeof document.querySelector('body') === 'object' &&","                    typeof XMLHttpRequest.prototype.open === 'function' &&","                    'browser';","            } catch (errorCaughtBrowser) {","                return module.exports &&","                    typeof process.versions.node === 'string' &&","                    typeof require('http').createServer === 'function' &&","                    'node';","            }","        }());","        // init global","        local.global = local.modeJs === 'browser'","            ? window","            : global;","        switch (local.modeJs) {","        // re-init local from window.local","        case 'browser':","            local = local.global.utility2.objectSetDefault(","                local.global.utility2_rollup || local.global.local,","                local.global.utility2","            );","            break;","        // re-init local from example.js","        case 'node':","            local = (local.global.utility2_rollup || require('utility2'))","                .requireExampleJsFromReadme();","            break;","        }","        // export local","        local.global.local = local;","    }());","","","","    // run shared js-env code - function","    (function () {","        return;","    }());","    switch (local.modeJs) {","","","","    // run browser js-env code - function","    case 'browser':","        break;","","","","    // run node js-env code - function","    case 'node':","        break;","    }","","","","    // run shared js-env code - post-init","    (function () {","        return;","    }());","    switch (local.modeJs) {","","","","    // run browser js-env code - post-init","    case 'browser':","        local.testCase_browser_nullCase = local.testCase_browser_nullCase || function (","            options,","            onError","        ) {","        /*","         * this function will test browsers's null-case handling-behavior-behavior","         */","            onError(null, options);","        };","","        // run tests","        local.nop(local.modeTest &&","            document.querySelector('#testRunButton1') &&","            document.querySelector('#testRunButton1').click());","        break;","","","","    // run node js-env code - post-init","    /* istanbul ignore next */","    case 'node':","        local.testCase_buildApidoc_default = local.testCase_buildApidoc_default || function (","            options,","            onError","        ) {","        /*","         * this function will test buildApidoc's default handling-behavior-behavior","         */","            options = { modulePathList: module.paths };","            local.buildApidoc(options, onError);","        };","","        local.testCase_buildApp_default = local.testCase_buildApp_default || function (","            options,","            onError","        ) {","        /*","         * this function will test buildApp's default handling-behavior-behavior","         */","            local.testCase_buildReadme_default(options, local.onErrorThrow);","            local.testCase_buildLib_default(options, local.onErrorThrow);","            local.testCase_buildTest_default(options, local.onErrorThrow);","            local.testCase_buildCustomOrg_default(options, local.onErrorThrow);","            options = [];","            local.buildApp(options, onError);","        };","","        local.testCase_buildCustomOrg_default = local.testCase_buildCustomOrg_default ||","            function (options, onError) {","            /*","             * this function will test buildCustomOrg's default handling-behavior","             */","                options = {};","                local.buildCustomOrg(options, onError);","            };","","        local.testCase_buildLib_default = local.testCase_buildLib_default || function (","            options,","            onError","        ) {","        /*","         * this function will test buildLib's default handling-behavior","         */","            options = {};","            local.buildLib(options, onError);","        };","","        local.testCase_buildReadme_default = local.testCase_buildReadme_default || function (","            options,","            onError","        ) {","        /*","         * this function will test buildReadme's default handling-behavior-behavior","         */","            options = {};","            local.buildReadme(options, onError);","        };","","        local.testCase_buildTest_default = local.testCase_buildTest_default || function (","            options,","            onError","        ) {","        /*","         * this function will test buildTest's default handling-behavior","         */","            options = {};","            local.buildTest(options, onError);","        };","","        local.testCase_webpage_default = local.testCase_webpage_default || function (","            options,","            onError","        ) {","        /*","         * this function will test webpage's default handling-behavior","         */","            options = { modeCoverageMerge: true, url: local.serverLocalHost + '?modeTest=1' };","            local.browserTest(options, onError);","        };","","        // run test-server","        local.testRunServer(local);","        break;","    }","}());",""],"l":{"12":2,"14":2,"19":2,"21":2,"23":2,"24":2,"25":2,"30":1,"37":2,"40":2,"43":1,"47":1,"50":1,"52":1,"55":2,"61":2,"62":2,"64":2,"70":1,"76":1,"82":2,"83":2,"85":2,"91":1,"98":1,"102":1,"105":1,"112":1,"119":1,"120":1,"123":1,"130":1,"131":1,"132":1,"133":1,"134":1,"135":1,"138":1,"143":2,"144":2,"147":1,"154":2,"155":2,"158":1,"165":2,"166":2,"169":1,"176":2,"177":2,"180":1,"187":1,"188":1,"192":1,"193":1}},"/home/travis/build/npmtest/node-npmtest-ftpd/lib.npmtest_ftpd.js":{"path":"/home/travis/build/npmtest/node-npmtest-ftpd/lib.npmtest_ftpd.js","s":{"1":2,"2":2,"3":2,"4":2,"5":2,"6":2,"7":2,"8":1,"9":2,"10":2,"11":2,"12":2,"13":1,"14":1,"15":1,"16":1},"b":{"1":[2,1,1,1],"2":[1,1,1,1],"3":[1,1],"4":[2,2],"5":[1,1]},"f":{"1":2,"2":2,"3":2},"fnMap":{"1":{"name":"(anonymous_1)","line":12,"loc":{"start":{"line":12,"column":1},"end":{"line":12,"column":13}}},"2":{"name":"(anonymous_2)","line":19,"loc":{"start":{"line":19,"column":5},"end":{"line":19,"column":17}}},"3":{"name":"(anonymous_3)","line":23,"loc":{"start":{"line":23,"column":24},"end":{"line":23,"column":36}}}},"statementMap":{"1":{"start":{"line":12,"column":0},"end":{"line":53,"column":5}},"2":{"start":{"line":14,"column":4},"end":{"line":14,"column":14}},"3":{"start":{"line":19,"column":4},"end":{"line":52,"column":9}},"4":{"start":{"line":21,"column":8},"end":{"line":21,"column":19}},"5":{"start":{"line":23,"column":8},"end":{"line":35,"column":13}},"6":{"start":{"line":24,"column":12},"end":{"line":34,"column":13}},"7":{"start":{"line":25,"column":16},"end":{"line":28,"column":30}},"8":{"start":{"line":30,"column":16},"end":{"line":33,"column":27}},"9":{"start":{"line":37,"column":8},"end":{"line":39,"column":21}},"10":{"start":{"line":41,"column":8},"end":{"line":41,"column":54}},"11":{"start":{"line":43,"column":8},"end":{"line":43,"column":49}},"12":{"start":{"line":45,"column":8},"end":{"line":51,"column":9}},"13":{"start":{"line":46,"column":12},"end":{"line":46,"column":55}},"14":{"start":{"line":48,"column":12},"end":{"line":48,"column":35}},"15":{"start":{"line":49,"column":12},"end":{"line":49,"column":49}},"16":{"start":{"line":50,"column":12},"end":{"line":50,"column":43}}},"branchMap":{"1":{"line":25,"type":"binary-expr","locations":[{"start":{"line":25,"column":23},"end":{"line":25,"column":62}},{"start":{"line":26,"column":20},"end":{"line":26,"column":70}},{"start":{"line":27,"column":20},"end":{"line":27,"column":71}},{"start":{"line":28,"column":20},"end":{"line":28,"column":29}}]},"2":{"line":30,"type":"binary-expr","locations":[{"start":{"line":30,"column":23},"end":{"line":30,"column":37}},{"start":{"line":31,"column":20},"end":{"line":31,"column":61}},{"start":{"line":32,"column":20},"end":{"line":32,"column":70}},{"start":{"line":33,"column":20},"end":{"line":33,"column":26}}]},"3":{"line":37,"type":"cond-expr","locations":[{"start":{"line":38,"column":14},"end":{"line":38,"column":20}},{"start":{"line":39,"column":14},"end":{"line":39,"column":20}}]},"4":{"line":41,"type":"binary-expr","locations":[{"start":{"line":41,"column":16},"end":{"line":41,"column":44}},{"start":{"line":41,"column":48},"end":{"line":41,"column":53}}]},"5":{"line":45,"type":"if","locations":[{"start":{"line":45,"column":8},"end":{"line":45,"column":8}},{"start":{"line":45,"column":8},"end":{"line":45,"column":8}}]}},"code":["/* istanbul instrument in package npmtest_ftpd */","/*jslint","    bitwise: true,","    browser: true,","    maxerr: 8,","    maxlen: 96,","    node: true,","    nomen: true,","    regexp: true,","    stupid: true","*/","(function () {","    'use strict';","    var local;","","","","    // run shared js-env code - pre-init","    (function () {","        // init local","        local = {};","        // init modeJs","        local.modeJs = (function () {","            try {","                return typeof navigator.userAgent === 'string' &&","                    typeof document.querySelector('body') === 'object' &&","                    typeof XMLHttpRequest.prototype.open === 'function' &&","                    'browser';","            } catch (errorCaughtBrowser) {","                return module.exports &&","                    typeof process.versions.node === 'string' &&","                    typeof require('http').createServer === 'function' &&","                    'node';","            }","        }());","        // init global","        local.global = local.modeJs === 'browser'","            ? window","            : global;","        // init utility2_rollup","        local = local.global.utility2_rollup || local;","        // init lib","        local.local = local.npmtest_ftpd = local;","        // init exports","        if (local.modeJs === 'browser') {","            local.global.utility2_npmtest_ftpd = local;","        } else {","            module.exports = local;","            module.exports.__dirname = __dirname;","            module.exports.module = module;","        }","    }());","}());",""],"l":{"12":2,"14":2,"19":2,"21":2,"23":2,"24":2,"25":2,"30":1,"37":2,"41":2,"43":2,"45":2,"46":1,"48":1,"49":1,"50":1}},"/home/travis/build/npmtest/node-npmtest-ftpd/example.js":{"path":"/home/travis/build/npmtest/node-npmtest-ftpd/example.js","s":{"1":2,"2":2,"3":2,"4":2,"5":2,"6":2,"7":2,"8":1,"9":2,"10":2,"11":2,"12":2,"13":1,"14":2,"15":2,"16":2,"17":2,"18":2,"19":0,"20":2,"21":1,"22":1,"23":1,"24":1,"25":1,"26":0,"27":0,"28":1,"29":1,"30":2,"31":0,"32":0,"33":0,"34":1,"35":2,"36":2,"37":3,"38":3,"39":3,"40":3,"41":0,"42":3,"43":3,"44":3,"45":1,"46":3,"47":1,"48":1,"49":1,"50":1,"51":1,"52":1,"53":1,"54":1,"55":1,"56":1,"57":0,"58":1,"59":6,"60":6,"61":1,"62":2,"63":0,"64":2,"65":1,"66":1,"67":0,"68":0,"69":0,"70":0,"71":0,"72":0,"73":0,"74":0,"75":0,"76":0,"77":0,"78":0,"79":0,"80":0,"81":0,"82":0,"83":0},"b":{"1":[2,1,1,1],"2":[1,1,1,1],"3":[1,1],"4":[2,2],"5":[1,1],"6":[1,1],"7":[2,0],"8":[2,1,1,1,1,1],"9":[0,2,0],"10":[1,1],"11":[2,1,1],"12":[1,0],"13":[0,2],"14":[2,0,0,0,0,0,0],"15":[0,3],"16":[3,0],"17":[1,1],"18":[0,1],"19":[1,2,0,2],"20":[1,0],"21":[1,1],"22":[0,0],"23":[0,0],"24":[0,0],"25":[0,0],"26":[0,0],"27":[0,0],"28":[0,0]},"f":{"1":2,"2":2,"3":2,"4":2,"5":2,"6":2,"7":3,"8":3,"9":3,"10":1,"11":6,"12":0},"fnMap":{"1":{"name":"(anonymous_1)","line":26,"loc":{"start":{"line":26,"column":1},"end":{"line":26,"column":13}}},"2":{"name":"(anonymous_2)","line":33,"loc":{"start":{"line":33,"column":5},"end":{"line":33,"column":17}}},"3":{"name":"(anonymous_3)","line":37,"loc":{"start":{"line":37,"column":24},"end":{"line":37,"column":36}}},"4":{"name":"(anonymous_4)","line":69,"loc":{"start":{"line":69,"column":31},"end":{"line":69,"column":48}},"skip":true},"5":{"name":"(anonymous_5)","line":78,"loc":{"start":{"line":78,"column":26},"end":{"line":78,"column":45}},"skip":true},"6":{"name":"(anonymous_6)","line":123,"loc":{"start":{"line":123,"column":33},"end":{"line":123,"column":48}},"skip":true},"7":{"name":"(anonymous_7)","line":125,"loc":{"start":{"line":125,"column":27},"end":{"line":125,"column":39}},"skip":true},"8":{"name":"(anonymous_8)","line":133,"loc":{"start":{"line":133,"column":59},"end":{"line":133,"column":74}},"skip":true},"9":{"name":"(anonymous_9)","line":143,"loc":{"start":{"line":143,"column":45},"end":{"line":143,"column":62}},"skip":true},"10":{"name":"(anonymous_10)","line":144,"loc":{"start":{"line":144,"column":73},"end":{"line":144,"column":92}},"skip":true},"11":{"name":"(anonymous_11)","line":272,"loc":{"start":{"line":272,"column":51},"end":{"line":272,"column":77}},"skip":true},"12":{"name":"(anonymous_12)","line":315,"loc":{"start":{"line":315,"column":32},"end":{"line":315,"column":61}},"skip":true}},"statementMap":{"1":{"start":{"line":26,"column":0},"end":{"line":326,"column":5}},"2":{"start":{"line":28,"column":4},"end":{"line":28,"column":14}},"3":{"start":{"line":33,"column":4},"end":{"line":60,"column":9}},"4":{"start":{"line":35,"column":8},"end":{"line":35,"column":19}},"5":{"start":{"line":37,"column":8},"end":{"line":49,"column":13}},"6":{"start":{"line":38,"column":12},"end":{"line":48,"column":13}},"7":{"start":{"line":39,"column":16},"end":{"line":42,"column":30}},"8":{"start":{"line":44,"column":16},"end":{"line":47,"column":27}},"9":{"start":{"line":51,"column":8},"end":{"line":53,"column":21}},"10":{"start":{"line":55,"column":8},"end":{"line":57,"column":45}},"11":{"start":{"line":59,"column":8},"end":{"line":59,"column":35}},"12":{"start":{"line":61,"column":4},"end":{"line":325,"column":5}},"13":{"start":{"line":69,"column":8},"end":{"line":121,"column":10},"skip":true},"14":{"start":{"line":70,"column":12},"end":{"line":88,"column":13},"skip":true},"15":{"start":{"line":76,"column":16},"end":{"line":87,"column":19},"skip":true},"16":{"start":{"line":79,"column":20},"end":{"line":86,"column":21},"skip":true},"17":{"start":{"line":82,"column":24},"end":{"line":82,"column":43},"skip":true},"18":{"start":{"line":83,"column":24},"end":{"line":83,"column":30},"skip":true},"19":{"start":{"line":85,"column":24},"end":{"line":85,"column":49},"skip":true},"20":{"start":{"line":89,"column":12},"end":{"line":107,"column":13},"skip":true},"21":{"start":{"line":92,"column":16},"end":{"line":102,"column":17},"skip":true},"22":{"start":{"line":93,"column":20},"end":{"line":93,"column":86},"skip":true},"23":{"start":{"line":94,"column":20},"end":{"line":95,"column":45},"skip":true},"24":{"start":{"line":96,"column":20},"end":{"line":96,"column":42},"skip":true},"25":{"start":{"line":97,"column":20},"end":{"line":97,"column":48},"skip":true},"26":{"start":{"line":100,"column":20},"end":{"line":100,"column":85},"skip":true},"27":{"start":{"line":101,"column":20},"end":{"line":101,"column":96},"skip":true},"28":{"start":{"line":103,"column":16},"end":{"line":103,"column":22},"skip":true},"29":{"start":{"line":106,"column":16},"end":{"line":106,"column":22},"skip":true},"30":{"start":{"line":108,"column":12},"end":{"line":120,"column":13},"skip":true},"31":{"start":{"line":114,"column":16},"end":{"line":119,"column":17},"skip":true},"32":{"start":{"line":116,"column":20},"end":{"line":116,"column":78},"skip":true},"33":{"start":{"line":118,"column":20},"end":{"line":118,"column":47},"skip":true},"34":{"start":{"line":123,"column":8},"end":{"line":141,"column":11},"skip":true},"35":{"start":{"line":124,"column":12},"end":{"line":124,"column":54},"skip":true},"36":{"start":{"line":125,"column":12},"end":{"line":140,"column":14},"skip":true},"37":{"start":{"line":126,"column":16},"end":{"line":126,"column":28},"skip":true},"38":{"start":{"line":127,"column":16},"end":{"line":127,"column":69},"skip":true},"39":{"start":{"line":128,"column":16},"end":{"line":128,"column":75},"skip":true},"40":{"start":{"line":129,"column":16},"end":{"line":131,"column":17},"skip":true},"41":{"start":{"line":130,"column":20},"end":{"line":130,"column":27},"skip":true},"42":{"start":{"line":133,"column":16},"end":{"line":137,"column":36},"skip":true},"43":{"start":{"line":134,"column":20},"end":{"line":136,"column":55},"skip":true},"44":{"start":{"line":139,"column":16},"end":{"line":139,"column":57},"skip":true},"45":{"start":{"line":143,"column":8},"end":{"line":147,"column":11},"skip":true},"46":{"start":{"line":144,"column":12},"end":{"line":146,"column":15},"skip":true},"47":{"start":{"line":145,"column":16},"end":{"line":145,"column":70},"skip":true},"48":{"start":{"line":149,"column":8},"end":{"line":149,"column":31},"skip":true},"49":{"start":{"line":150,"column":8},"end":{"line":150,"column":14},"skip":true},"50":{"start":{"line":158,"column":8},"end":{"line":158,"column":31},"skip":true},"51":{"start":{"line":160,"column":8},"end":{"line":160,"column":33},"skip":true},"52":{"start":{"line":161,"column":8},"end":{"line":161,"column":37},"skip":true},"53":{"start":{"line":162,"column":8},"end":{"line":162,"column":35},"skip":true},"54":{"start":{"line":164,"column":8},"end":{"line":164,"column":50},"skip":true},"55":{"start":{"line":166,"column":8},"end":{"line":256,"column":2},"skip":true},"56":{"start":{"line":258,"column":8},"end":{"line":286,"column":9},"skip":true},"57":{"start":{"line":259,"column":12},"end":{"line":269,"column":14},"skip":true},"58":{"start":{"line":271,"column":12},"end":{"line":285,"column":19},"skip":true},"59":{"start":{"line":274,"column":20},"end":{"line":274,"column":35},"skip":true},"60":{"start":{"line":275,"column":20},"end":{"line":284,"column":21},"skip":true},"61":{"start":{"line":277,"column":24},"end":{"line":277,"column":64},"skip":true},"62":{"start":{"line":279,"column":24},"end":{"line":279,"column":40},"skip":true},"63":{"start":{"line":281,"column":24},"end":{"line":281,"column":40},"skip":true},"64":{"start":{"line":283,"column":24},"end":{"line":283,"column":39},"skip":true},"65":{"start":{"line":288,"column":8},"end":{"line":290,"column":9},"skip":true},"66":{"start":{"line":289,"column":12},"end":{"line":289,"column":18},"skip":true},"67":{"start":{"line":291,"column":8},"end":{"line":293,"column":54},"skip":true},"68":{"start":{"line":296,"column":8},"end":{"line":301,"column":37},"skip":true},"69":{"start":{"line":303,"column":8},"end":{"line":303,"column":82},"skip":true},"70":{"start":{"line":306,"column":8},"end":{"line":308,"column":9},"skip":true},"71":{"start":{"line":307,"column":12},"end":{"line":307,"column":82},"skip":true},"72":{"start":{"line":310,"column":8},"end":{"line":312,"column":9},"skip":true},"73":{"start":{"line":311,"column":12},"end":{"line":311,"column":18},"skip":true},"74":{"start":{"line":313,"column":8},"end":{"line":313,"column":54},"skip":true},"75":{"start":{"line":314,"column":8},"end":{"line":314,"column":69},"skip":true},"76":{"start":{"line":315,"column":8},"end":{"line":323,"column":36},"skip":true},"77":{"start":{"line":316,"column":12},"end":{"line":316,"column":61},"skip":true},"78":{"start":{"line":317,"column":12},"end":{"line":320,"column":13},"skip":true},"79":{"start":{"line":318,"column":16},"end":{"line":318,"column":75},"skip":true},"80":{"start":{"line":319,"column":16},"end":{"line":319,"column":23},"skip":true},"81":{"start":{"line":321,"column":12},"end":{"line":321,"column":38},"skip":true},"82":{"start":{"line":322,"column":12},"end":{"line":322,"column":27},"skip":true},"83":{"start":{"line":324,"column":8},"end":{"line":324,"column":14},"skip":true}},"branchMap":{"1":{"line":39,"type":"binary-expr","locations":[{"start":{"line":39,"column":23},"end":{"line":39,"column":62}},{"start":{"line":40,"column":20},"end":{"line":40,"column":70}},{"start":{"line":41,"column":20},"end":{"line":41,"column":71}},{"start":{"line":42,"column":20},"end":{"line":42,"column":29}}]},"2":{"line":44,"type":"binary-expr","locations":[{"start":{"line":44,"column":23},"end":{"line":44,"column":37}},{"start":{"line":45,"column":20},"end":{"line":45,"column":61}},{"start":{"line":46,"column":20},"end":{"line":46,"column":70}},{"start":{"line":47,"column":20},"end":{"line":47,"column":26}}]},"3":{"line":51,"type":"cond-expr","locations":[{"start":{"line":52,"column":14},"end":{"line":52,"column":20}},{"start":{"line":53,"column":14},"end":{"line":53,"column":20}}]},"4":{"line":55,"type":"binary-expr","locations":[{"start":{"line":55,"column":16},"end":{"line":55,"column":44}},{"start":{"line":55,"column":49},"end":{"line":57,"column":43}}]},"5":{"line":55,"type":"cond-expr","locations":[{"start":{"line":56,"column":14},"end":{"line":56,"column":48}},{"start":{"line":57,"column":14},"end":{"line":57,"column":43}}]},"6":{"line":61,"type":"switch","locations":[{"start":{"line":68,"column":4},"end":{"line":150,"column":14},"skip":true},{"start":{"line":156,"column":4},"end":{"line":324,"column":14},"skip":true}]},"7":{"line":70,"type":"if","locations":[{"start":{"line":70,"column":12},"end":{"line":70,"column":12},"skip":true},{"start":{"line":70,"column":12},"end":{"line":70,"column":12},"skip":true}]},"8":{"line":70,"type":"binary-expr","locations":[{"start":{"line":70,"column":16},"end":{"line":70,"column":22},"skip":true},{"start":{"line":70,"column":27},"end":{"line":70,"column":32},"skip":true},{"start":{"line":71,"column":20},"end":{"line":71,"column":39},"skip":true},{"start":{"line":72,"column":20},"end":{"line":72,"column":49},"skip":true},{"start":{"line":73,"column":20},"end":{"line":73,"column":58},"skip":true},{"start":{"line":74,"column":20},"end":{"line":74,"column":69},"skip":true}]},"9":{"line":79,"type":"switch","locations":[{"start":{"line":80,"column":20},"end":{"line":80,"column":33},"skip":true},{"start":{"line":81,"column":20},"end":{"line":83,"column":30},"skip":true},{"start":{"line":84,"column":20},"end":{"line":85,"column":49},"skip":true}]},"10":{"line":89,"type":"switch","locations":[{"start":{"line":90,"column":12},"end":{"line":103,"column":22},"skip":true},{"start":{"line":105,"column":12},"end":{"line":106,"column":22},"skip":true}]},"11":{"line":89,"type":"binary-expr","locations":[{"start":{"line":89,"column":20},"end":{"line":89,"column":25},"skip":true},{"start":{"line":89,"column":29},"end":{"line":89,"column":48},"skip":true},{"start":{"line":89,"column":52},"end":{"line":89,"column":74},"skip":true}]},"12":{"line":92,"type":"if","locations":[{"start":{"line":92,"column":16},"end":{"line":92,"column":16},"skip":true},{"start":{"line":92,"column":16},"end":{"line":92,"column":16},"skip":true}]},"13":{"line":108,"type":"if","locations":[{"start":{"line":108,"column":12},"end":{"line":108,"column":12},"skip":true},{"start":{"line":108,"column":12},"end":{"line":108,"column":12},"skip":true}]},"14":{"line":108,"type":"binary-expr","locations":[{"start":{"line":108,"column":16},"end":{"line":108,"column":61},"skip":true},{"start":{"line":108,"column":66},"end":{"line":108,"column":72},"skip":true},{"start":{"line":108,"column":77},"end":{"line":108,"column":82},"skip":true},{"start":{"line":109,"column":20},"end":{"line":109,"column":39},"skip":true},{"start":{"line":110,"column":20},"end":{"line":110,"column":49},"skip":true},{"start":{"line":111,"column":20},"end":{"line":111,"column":58},"skip":true},{"start":{"line":112,"column":20},"end":{"line":112,"column":68},"skip":true}]},"15":{"line":129,"type":"if","locations":[{"start":{"line":129,"column":16},"end":{"line":129,"column":16},"skip":true},{"start":{"line":129,"column":16},"end":{"line":129,"column":16},"skip":true}]},"16":{"line":134,"type":"cond-expr","locations":[{"start":{"line":135,"column":26},"end":{"line":135,"column":29},"skip":true},{"start":{"line":136,"column":26},"end":{"line":136,"column":54},"skip":true}]},"17":{"line":164,"type":"binary-expr","locations":[{"start":{"line":164,"column":27},"end":{"line":164,"column":43},"skip":true},{"start":{"line":164,"column":47},"end":{"line":164,"column":49},"skip":true}]},"18":{"line":258,"type":"if","locations":[{"start":{"line":258,"column":8},"end":{"line":258,"column":8},"skip":true},{"start":{"line":258,"column":8},"end":{"line":258,"column":8},"skip":true}]},"19":{"line":275,"type":"switch","locations":[{"start":{"line":276,"column":20},"end":{"line":277,"column":64},"skip":true},{"start":{"line":278,"column":20},"end":{"line":279,"column":40},"skip":true},{"start":{"line":280,"column":20},"end":{"line":281,"column":40},"skip":true},{"start":{"line":282,"column":20},"end":{"line":283,"column":39},"skip":true}]},"20":{"line":288,"type":"if","locations":[{"start":{"line":288,"column":8},"end":{"line":288,"column":8},"skip":true},{"start":{"line":288,"column":8},"end":{"line":288,"column":8},"skip":true}]},"21":{"line":288,"type":"binary-expr","locations":[{"start":{"line":288,"column":12},"end":{"line":288,"column":40},"skip":true},{"start":{"line":288,"column":44},"end":{"line":288,"column":67},"skip":true}]},"22":{"line":292,"type":"binary-expr","locations":[{"start":{"line":292,"column":12},"end":{"line":292,"column":50},"skip":true},{"start":{"line":293,"column":12},"end":{"line":293,"column":53},"skip":true}]},"23":{"line":297,"type":"binary-expr","locations":[{"start":{"line":297,"column":12},"end":{"line":297,"column":62},"skip":true},{"start":{"line":298,"column":12},"end":{"line":301,"column":36},"skip":true}]},"24":{"line":303,"type":"binary-expr","locations":[{"start":{"line":303,"column":43},"end":{"line":303,"column":75},"skip":true},{"start":{"line":303,"column":79},"end":{"line":303,"column":81},"skip":true}]},"25":{"line":306,"type":"if","locations":[{"start":{"line":306,"column":8},"end":{"line":306,"column":8},"skip":true},{"start":{"line":306,"column":8},"end":{"line":306,"column":8},"skip":true}]},"26":{"line":310,"type":"if","locations":[{"start":{"line":310,"column":8},"end":{"line":310,"column":8},"skip":true},{"start":{"line":310,"column":8},"end":{"line":310,"column":8},"skip":true}]},"27":{"line":313,"type":"binary-expr","locations":[{"start":{"line":313,"column":27},"end":{"line":313,"column":43},"skip":true},{"start":{"line":313,"column":47},"end":{"line":313,"column":53},"skip":true}]},"28":{"line":317,"type":"if","locations":[{"start":{"line":317,"column":12},"end":{"line":317,"column":12},"skip":true},{"start":{"line":317,"column":12},"end":{"line":317,"column":12},"skip":true}]}},"code":["/*","example.js","","quickstart example","","instruction","    1. save this script as example.js","    2. run the shell command:","        $ npm install npmtest-ftpd && PORT=8081 node example.js","    3. play with the browser-demo on http://127.0.0.1:8081","*/","","","","/* istanbul instrument in package npmtest_ftpd */","/*jslint","    bitwise: true,","    browser: true,","    maxerr: 8,","    maxlen: 96,","    node: true,","    nomen: true,","    regexp: true,","    stupid: true","*/","(function () {","    'use strict';","    var local;","","","","    // run shared js-env code - pre-init","    (function () {","        // init local","        local = {};","        // init modeJs","        local.modeJs = (function () {","            try {","                return typeof navigator.userAgent === 'string' &&","                    typeof document.querySelector('body') === 'object' &&","                    typeof XMLHttpRequest.prototype.open === 'function' &&","                    'browser';","            } catch (errorCaughtBrowser) {","                return module.exports &&","                    typeof process.versions.node === 'string' &&","                    typeof require('http').createServer === 'function' &&","                    'node';","            }","        }());","        // init global","        local.global = local.modeJs === 'browser'","            ? window","            : global;","        // init utility2_rollup","        local = local.global.utility2_rollup || (local.modeJs === 'browser'","            ? local.global.utility2_npmtest_ftpd","            : global.utility2_moduleExports);","        // export local","        local.global.local = local;","    }());","    switch (local.modeJs) {","","","","    // post-init","    // run browser js-env code - post-init","    /* istanbul ignore next */","    case 'browser':","        local.testRunBrowser = function (event) {","            if (!event || (event &&","                    event.currentTarget &&","                    event.currentTarget.className &&","                    event.currentTarget.className.includes &&","                    event.currentTarget.className.includes('onreset'))) {","                // reset output","                Array.from(","                    document.querySelectorAll('body > .resettable')","                ).forEach(function (element) {","                    switch (element.tagName) {","                    case 'INPUT':","                    case 'TEXTAREA':","                        element.value = '';","                        break;","                    default:","                        element.textContent = '';","                    }","                });","            }","            switch (event && event.currentTarget && event.currentTarget.id) {","            case 'testRunButton1':","                // show tests","                if (document.querySelector('#testReportDiv1').style.display === 'none') {","                    document.querySelector('#testReportDiv1').style.display = 'block';","                    document.querySelector('#testRunButton1').textContent =","                        'hide internal test';","                    local.modeTest = true;","                    local.testRunDefault(local);","                // hide tests","                } else {","                    document.querySelector('#testReportDiv1').style.display = 'none';","                    document.querySelector('#testRunButton1').textContent = 'run internal test';","                }","                break;","            // custom-case","            default:","                break;","            }","            if (document.querySelector('#inputTextareaEval1') && (!event || (event &&","                    event.currentTarget &&","                    event.currentTarget.className &&","                    event.currentTarget.className.includes &&","                    event.currentTarget.className.includes('oneval')))) {","                // try to eval input-code","                try {","                    /*jslint evil: true*/","                    eval(document.querySelector('#inputTextareaEval1').value);","                } catch (errorCaught) {","                    console.error(errorCaught);","                }","            }","        };","        // log stderr and stdout to #outputTextareaStdout1","        ['error', 'log'].forEach(function (key) {","            console[key + '_original'] = console[key];","            console[key] = function () {","                var element;","                console[key + '_original'].apply(console, arguments);","                element = document.querySelector('#outputTextareaStdout1');","                if (!element) {","                    return;","                }","                // append text to #outputTextareaStdout1","                element.value += Array.from(arguments).map(function (arg) {","                    return typeof arg === 'string'","                        ? arg","                        : JSON.stringify(arg, null, 4);","                }).join(' ') + '\\n';","                // scroll textarea to bottom","                element.scrollTop = element.scrollHeight;","            };","        });","        // init event-handling","        ['change', 'click', 'keyup'].forEach(function (event) {","            Array.from(document.querySelectorAll('.on' + event)).forEach(function (element) {","                element.addEventListener(event, local.testRunBrowser);","            });","        });","        // run tests","        local.testRunBrowser();","        break;","","","","    // run node js-env code - post-init","    /* istanbul ignore next */","    case 'node':","        // export local","        module.exports = local;","        // require modules","        local.fs = require('fs');","        local.http = require('http');","        local.url = require('url');","        // init assets","        local.assetsDict = local.assetsDict || {};","        /* jslint-ignore-begin */","        local.assetsDict['/assets.index.template.html'] = '\\","<!doctype html>\\n\\","<html lang=\"en\">\\n\\","<head>\\n\\","<meta charset=\"UTF-8\">\\n\\","<meta name=\"viewport\" content=\"width=device-width, initial-scale=1\">\\n\\","<title>{{env.npm_package_name}} (v{{env.npm_package_version}})</title>\\n\\","<style>\\n\\","/*csslint\\n\\","    box-sizing: false,\\n\\","    universal-selector: false\\n\\","*/\\n\\","* {\\n\\","    box-sizing: border-box;\\n\\","}\\n\\","body {\\n\\","    background: #dde;\\n\\","    font-family: Arial, Helvetica, sans-serif;\\n\\","    margin: 2rem;\\n\\","}\\n\\","body > * {\\n\\","    margin-bottom: 1rem;\\n\\","}\\n\\",".utility2FooterDiv {\\n\\","    margin-top: 20px;\\n\\","    text-align: center;\\n\\","}\\n\\","</style>\\n\\","<style>\\n\\","/*csslint\\n\\","*/\\n\\","textarea {\\n\\","    font-family: monospace;\\n\\","    height: 10rem;\\n\\","    width: 100%;\\n\\","}\\n\\","textarea[readonly] {\\n\\","    background: #ddd;\\n\\","}\\n\\","</style>\\n\\","</head>\\n\\","<body>\\n\\","<!-- utility2-comment\\n\\","<div id=\"ajaxProgressDiv1\" style=\"background: #d00; height: 2px; left: 0; margin: 0; padding: 0; position: fixed; top: 0; transition: background 0.5s, width 1.5s; width: 25%;\"></div>\\n\\","utility2-comment -->\\n\\","<h1>\\n\\","<!-- utility2-comment\\n\\","    <a\\n\\","        {{#if env.npm_package_homepage}}\\n\\","        href=\"{{env.npm_package_homepage}}\"\\n\\","        {{/if env.npm_package_homepage}}\\n\\","        target=\"_blank\"\\n\\","    >\\n\\","utility2-comment -->\\n\\","        {{env.npm_package_name}} (v{{env.npm_package_version}})\\n\\","<!-- utility2-comment\\n\\","    </a>\\n\\","utility2-comment -->\\n\\","</h1>\\n\\","<h3>{{env.npm_package_description}}</h3>\\n\\","<!-- utility2-comment\\n\\","<h4><a download href=\"assets.app.js\">download standalone app</a></h4>\\n\\","<button class=\"onclick onreset\" id=\"testRunButton1\">run internal test</button><br>\\n\\","<div id=\"testReportDiv1\" style=\"display: none;\"></div>\\n\\","utility2-comment -->\\n\\","\\n\\","\\n\\","\\n\\","<label>stderr and stdout</label>\\n\\","<textarea class=\"resettable\" id=\"outputTextareaStdout1\" readonly></textarea>\\n\\","<!-- utility2-comment\\n\\","{{#if isRollup}}\\n\\","<script src=\"assets.app.js\"></script>\\n\\","{{#unless isRollup}}\\n\\","utility2-comment -->\\n\\","<script src=\"assets.utility2.rollup.js\"></script>\\n\\","<script src=\"jsonp.utility2._stateInit?callback=window.utility2._stateInit\"></script>\\n\\","<script src=\"assets.npmtest_ftpd.rollup.js\"></script>\\n\\","<script src=\"assets.example.js\"></script>\\n\\","<script src=\"assets.test.js\"></script>\\n\\","<!-- utility2-comment\\n\\","{{/if isRollup}}\\n\\","utility2-comment -->\\n\\","<div class=\"utility2FooterDiv\">\\n\\","    [ this app was created with\\n\\","    <a href=\"https://github.com/kaizhu256/node-utility2\" target=\"_blank\">utility2</a>\\n\\","    ]\\n\\","</div>\\n\\","</body>\\n\\","</html>\\n\\","';","        /* jslint-ignore-end */","        if (local.templateRender) {","            local.assetsDict['/'] = local.templateRender(","                local.assetsDict['/assets.index.template.html'],","                {","                    env: local.objectSetDefault(local.env, {","                        npm_package_description: 'the greatest app in the world!',","                        npm_package_name: 'my-app',","                        npm_package_nameAlias: 'my_app',","                        npm_package_version: '0.0.1'","                    })","                }","            );","        } else {","            local.assetsDict['/'] = local.assetsDict['/assets.index.template.html']","                .replace((/\\{\\{env\\.(\\w+?)\\}\\}/g), function (match0, match1) {","                    // jslint-hack","                    String(match0);","                    switch (match1) {","                    case 'npm_package_description':","                        return 'the greatest app in the world!';","                    case 'npm_package_name':","                        return 'my-app';","                    case 'npm_package_nameAlias':","                        return 'my_app';","                    case 'npm_package_version':","                        return '0.0.1';","                    }","                });","        }","        // run the cli","        if (local.global.utility2_rollup || module !== require.main) {","            break;","        }","        local.assetsDict['/assets.example.js'] =","            local.assetsDict['/assets.example.js'] ||","            local.fs.readFileSync(__filename, 'utf8');","        // bug-workaround - long $npm_package_buildCustomOrg","        /* jslint-ignore-begin */","        local.assetsDict['/assets.npmtest_ftpd.rollup.js'] =","            local.assetsDict['/assets.npmtest_ftpd.rollup.js'] ||","            local.fs.readFileSync(","                local.npmtest_ftpd.__dirname + '/lib.npmtest_ftpd.js',","                'utf8'","            ).replace((/^#!/), '//');","        /* jslint-ignore-end */","        local.assetsDict['/favicon.ico'] = local.assetsDict['/favicon.ico'] || '';","        // if $npm_config_timeout_exit exists,","        // then exit this process after $npm_config_timeout_exit ms","        if (Number(process.env.npm_config_timeout_exit)) {","            setTimeout(process.exit, Number(process.env.npm_config_timeout_exit));","        }","        // start server","        if (local.global.utility2_serverHttp1) {","            break;","        }","        process.env.PORT = process.env.PORT || '8081';","        console.error('server starting on port ' + process.env.PORT);","        local.http.createServer(function (request, response) {","            request.urlParsed = local.url.parse(request.url);","            if (local.assetsDict[request.urlParsed.pathname] !== undefined) {","                response.end(local.assetsDict[request.urlParsed.pathname]);","                return;","            }","            response.statusCode = 404;","            response.end();","        }).listen(process.env.PORT);","        break;","    }","}());",""],"l":{"26":2,"28":2,"33":2,"35":2,"37":2,"38":2,"39":2,"44":1,"51":2,"55":2,"59":2,"61":2,"69":1,"70":2,"76":2,"79":2,"82":2,"83":2,"85":1,"89":2,"92":1,"93":1,"94":1,"96":1,"97":1,"100":1,"101":1,"103":1,"106":1,"108":2,"114":1,"116":1,"118":1,"123":1,"124":2,"125":2,"126":3,"127":3,"128":3,"129":3,"130":1,"133":3,"134":3,"139":3,"143":1,"144":3,"145":1,"149":1,"150":1,"158":1,"160":1,"161":1,"162":1,"164":1,"166":1,"258":1,"259":1,"271":1,"274":6,"275":6,"277":1,"279":2,"281":1,"283":2,"288":1,"289":1,"291":1,"296":1,"303":1,"306":1,"307":1,"310":1,"311":1,"313":1,"314":1,"315":1,"316":1,"317":1,"318":1,"319":1,"321":1,"322":1,"324":1}},"/home/travis/build/npmtest/node-npmtest-ftpd/node_modules/ftpd/lib/ftpd.js":{"path":"/home/travis/build/npmtest/node-npmtest-ftpd/node_modules/ftpd/lib/ftpd.js","s":{"1":1,"2":1,"3":1,"4":1,"5":1,"6":1,"7":1,"8":1,"9":1,"10":1,"11":0,"12":0,"13":1,"14":0,"15":0,"16":0,"17":0,"18":0,"19":0,"20":0,"21":1,"22":0,"23":0,"24":0,"25":0,"26":0,"27":0,"28":0,"29":0,"30":0,"31":0,"32":0,"33":0,"34":1,"35":0,"36":1,"37":1,"38":0,"39":0,"40":1,"41":0,"42":0,"43":0,"44":0,"45":0,"46":0,"47":0,"48":0,"49":0,"50":0,"51":0,"52":0,"53":0,"54":0,"55":0,"56":0,"57":0,"58":0,"59":0,"60":0,"61":0,"62":0,"63":0,"64":0,"65":0,"66":0,"67":0,"68":1,"69":1,"70":0,"71":0,"72":0,"73":0,"74":0,"75":0,"76":0,"77":0,"78":0,"79":0,"80":0,"81":0,"82":0,"83":0,"84":1,"85":2,"86":0,"87":1,"88":0,"89":0,"90":0,"91":0,"92":0,"93":0,"94":1,"95":0,"96":1,"97":0,"98":0,"99":0,"100":1,"101":1,"102":0,"103":0,"104":1,"105":0,"106":1,"107":0,"108":1,"109":0,"110":1,"111":0,"112":0,"113":0,"114":0,"115":1,"116":0,"117":0,"118":0,"119":0,"120":0,"121":0,"122":0,"123":0,"124":0,"125":0,"126":0,"127":0,"128":0,"129":0,"130":0,"131":0,"132":0,"133":0,"134":1,"135":0,"136":0,"137":0,"138":0,"139":0,"140":1,"141":0,"142":0,"143":0,"144":0,"145":0,"146":1,"147":0,"148":0,"149":0,"150":0,"151":0,"152":0,"153":0,"154":1,"155":0,"156":0,"157":0,"158":0,"159":0,"160":0,"161":0,"162":0,"163":0,"164":0,"165":0,"166":0,"167":0,"168":0,"169":1,"170":0,"171":0,"172":0,"173":0,"174":0,"175":0,"176":0,"177":0,"178":0,"179":1,"180":0,"181":0,"182":0,"183":0,"184":0,"185":0,"186":0,"187":1,"188":0,"189":0,"190":1,"191":0,"192":1,"193":0,"194":1,"195":1,"196":10,"197":1,"198":1,"199":4,"200":1,"201":0,"202":0,"203":0,"204":0,"205":0,"206":0,"207":0,"208":0,"209":0,"210":0,"211":0,"212":0,"213":0,"214":0,"215":0,"216":0,"217":0,"218":0,"219":0,"220":0,"221":0,"222":0,"223":1,"224":0,"225":0,"226":0,"227":0,"228":0,"229":0,"230":1,"231":0,"232":0,"233":1,"234":0,"235":0,"236":1,"237":0,"238":0,"239":0,"240":0,"241":0,"242":0,"243":0,"244":0,"245":0,"246":0,"247":0,"248":0,"249":0,"250":0,"251":0,"252":0,"253":0,"254":1,"255":0,"256":0,"257":0,"258":0,"259":0,"260":1,"261":0,"262":0,"263":0,"264":0,"265":0,"266":1,"267":0,"268":0,"269":0,"270":0,"271":0,"272":0,"273":0,"274":0,"275":0,"276":0,"277":0,"278":0,"279":0,"280":1,"281":0,"282":0,"283":0,"284":0,"285":0,"286":0,"287":0,"288":1,"289":0,"290":1,"291":0,"292":0,"293":0,"294":0,"295":0,"296":0,"297":0,"298":1,"299":0,"300":1,"301":0,"302":1,"303":0,"304":0,"305":0,"306":1,"307":0,"308":0,"309":0,"310":0,"311":0,"312":0,"313":0,"314":0,"315":0,"316":0,"317":0,"318":0,"319":0,"320":0,"321":0,"322":0,"323":0,"324":0,"325":0,"326":0,"327":0,"328":0,"329":1,"330":0,"331":0,"332":0,"333":0,"334":0,"335":0,"336":0,"337":0,"338":0,"339":1,"340":0,"341":0,"342":0,"343":0,"344":0,"345":0,"346":0,"347":0,"348":0,"349":0,"350":0,"351":0,"352":0,"353":0,"354":0,"355":1,"356":0,"357":0,"358":0,"359":0,"360":0,"361":1,"362":0,"363":0,"364":0,"365":0,"366":0,"367":0,"368":0,"369":0,"370":0,"371":1,"372":0,"373":0,"374":1,"375":0,"376":0,"377":0,"378":0,"379":0,"380":0,"381":0,"382":0,"383":0,"384":0,"385":0,"386":0,"387":0,"388":0,"389":0,"390":0,"391":0,"392":0,"393":0,"394":0,"395":0,"396":0,"397":0,"398":0,"399":0,"400":0,"401":0,"402":0,"403":0,"404":0,"405":0,"406":1,"407":0,"408":0,"409":0,"410":0,"411":0,"412":0,"413":0,"414":0,"415":0,"416":1,"417":0,"418":0,"419":1,"420":0,"421":1,"422":0,"423":1,"424":0,"425":0,"426":0,"427":0,"428":0,"429":0,"430":0,"431":0,"432":0,"433":0,"434":0,"435":0,"436":0,"437":0,"438":0,"439":0,"440":0,"441":0,"442":0,"443":0,"444":0,"445":0,"446":0,"447":0,"448":0,"449":0,"450":0,"451":0,"452":0,"453":0,"454":0,"455":0,"456":1,"457":0,"458":1,"459":0,"460":1,"461":0,"462":0,"463":0,"464":0,"465":0,"466":0,"467":0,"468":0,"469":0,"470":0,"471":0,"472":0,"473":0,"474":1,"475":0,"476":0,"477":0,"478":0,"479":0,"480":0,"481":0,"482":0,"483":0,"484":1,"485":0,"486":0,"487":0,"488":1,"489":0,"490":0,"491":0,"492":0,"493":0,"494":0,"495":0,"496":0,"497":0,"498":0,"499":0,"500":0,"501":0,"502":0,"503":0,"504":0,"505":0,"506":0,"507":0,"508":0,"509":0,"510":0,"511":0,"512":0,"513":0,"514":0,"515":0,"516":0,"517":0,"518":0,"519":0,"520":0,"521":1,"522":0,"523":0,"524":0,"525":0,"526":0,"527":0,"528":0,"529":0,"530":0,"531":0,"532":1,"533":0,"534":0,"535":0,"536":0,"537":0,"538":0,"539":0,"540":0,"541":0,"542":0,"543":1,"544":0,"545":0,"546":0,"547":0,"548":0,"549":1,"550":0,"551":0,"552":0,"553":0,"554":0,"555":0,"556":0,"557":1,"558":0,"559":0,"560":0,"561":0,"562":1,"563":0,"564":0,"565":0,"566":1,"567":0,"568":0,"569":0,"570":0,"571":0,"572":0,"573":0,"574":0,"575":0,"576":0,"577":0,"578":0,"579":0,"580":0,"581":0,"582":0,"583":0,"584":0,"585":0,"586":0,"587":0,"588":0,"589":0,"590":0,"591":1,"592":0,"593":0,"594":0,"595":1,"596":0,"597":0,"598":0,"599":0,"600":0,"601":0,"602":0,"603":0,"604":0,"605":0,"606":0,"607":0,"608":0,"609":0,"610":0,"611":0,"612":0,"613":0,"614":1,"615":0,"616":0,"617":0,"618":0,"619":0,"620":0,"621":0,"622":0,"623":1,"624":0,"625":0,"626":0,"627":0,"628":1,"629":0,"630":0,"631":0,"632":0,"633":0,"634":0,"635":0,"636":1,"637":0,"638":0,"639":0,"640":0,"641":0,"642":0,"643":0,"644":0,"645":1,"646":0,"647":0,"648":0,"649":1,"650":0,"651":1,"652":0,"653":0,"654":0,"655":0,"656":1,"657":0,"658":0,"659":0,"660":0,"661":0,"662":0,"663":0,"664":0,"665":0,"666":0,"667":0,"668":0,"669":0,"670":0,"671":0,"672":0,"673":0,"674":0,"675":0,"676":0,"677":0,"678":0,"679":0,"680":0,"681":0,"682":0,"683":0,"684":1,"685":0,"686":0,"687":0,"688":0,"689":0,"690":0,"691":0,"692":0,"693":0,"694":0,"695":0,"696":0,"697":0,"698":0,"699":0,"700":0,"701":0,"702":1,"703":0,"704":0,"705":0,"706":0,"707":0,"708":0,"709":0,"710":0,"711":1,"712":0,"713":0,"714":0,"715":1,"716":0,"717":0,"718":0,"719":0,"720":0,"721":0,"722":0,"723":0,"724":0,"725":0,"726":0,"727":0,"728":0,"729":0,"730":0,"731":0,"732":0,"733":0,"734":0,"735":0,"736":1,"737":0,"738":0,"739":0,"740":0,"741":0,"742":0,"743":0,"744":0,"745":0,"746":0,"747":0,"748":0,"749":0,"750":0,"751":0,"752":0,"753":1,"754":0,"755":1,"756":0,"757":0,"758":0,"759":0,"760":0,"761":0,"762":0,"763":1,"764":0,"765":0,"766":0,"767":0,"768":1,"769":0,"770":0,"771":0,"772":1,"773":1,"774":0,"775":0,"776":0,"777":0,"778":0,"779":0,"780":0,"781":0,"782":0,"783":0,"784":0,"785":0,"786":0,"787":0,"788":0,"789":0,"790":0,"791":0,"792":0,"793":0,"794":1,"795":1,"796":0,"797":0},"b":{"1":[0,0],"2":[0,0],"3":[0,0],"4":[0,0],"5":[0,0],"6":[0,0],"7":[0,0],"8":[0,0],"9":[0,0],"10":[0,0],"11":[0,0,0],"12":[0,0],"13":[0,0],"14":[0,0],"15":[0,0],"16":[0,0],"17":[0,0],"18":[0,0],"19":[0,0],"20":[0,0],"21":[0,0],"22":[0,0],"23":[0,0],"24":[0,0],"25":[0,0],"26":[0,0],"27":[0,0],"28":[0,0],"29":[0,0],"30":[0,0],"31":[0,0],"32":[0,0],"33":[0,0],"34":[0,0],"35":[0,0],"36":[0,0],"37":[0,0],"38":[0,0],"39":[0,0],"40":[0,0],"41":[0,0],"42":[0,0],"43":[0,0],"44":[0,0],"45":[0,0],"46":[0,0],"47":[0,0],"48":[0,0],"49":[0,0],"50":[0,0],"51":[0,0],"52":[0,0],"53":[0,0],"54":[0,0],"55":[0,0],"56":[0,0],"57":[0,0],"58":[0,0],"59":[0,0],"60":[0,0],"61":[0,0],"62":[0,0],"63":[0,0],"64":[0,0],"65":[0,0],"66":[0,0],"67":[0,0],"68":[0,0],"69":[0,0],"70":[0,0],"71":[0,0],"72":[0,0],"73":[0,0],"74":[0,0],"75":[0,0],"76":[0,0],"77":[0,0],"78":[0,0],"79":[0,0],"80":[0,0],"81":[0,0],"82":[0,0],"83":[0,0],"84":[0,0],"85":[0,0],"86":[0,0],"87":[0,0],"88":[0,0],"89":[0,0],"90":[0,0],"91":[0,0],"92":[0,0],"93":[0,0],"94":[0,0],"95":[0,0],"96":[0,0],"97":[0,0],"98":[0,0,0,0],"99":[0,0],"100":[0,0],"101":[0,0],"102":[0,0],"103":[0,0],"104":[0,0,0],"105":[0,0],"106":[0,0],"107":[0,0],"108":[0,0],"109":[0,0],"110":[0,0],"111":[0,0],"112":[0,0],"113":[0,0],"114":[0,0],"115":[0,0],"116":[0,0],"117":[0,0],"118":[0,0],"119":[0,0,0],"120":[0,0],"121":[0,0],"122":[0,0],"123":[0,0],"124":[0,0],"125":[0,0],"126":[0,0],"127":[0,0],"128":[0,0],"129":[0,0],"130":[0,0],"131":[0,0],"132":[0,0],"133":[0,0],"134":[0,0],"135":[0,0],"136":[0,0],"137":[0,0],"138":[0,0],"139":[0,0],"140":[0,0],"141":[0,0],"142":[0,0],"143":[0,0],"144":[0,0],"145":[0,0],"146":[0,0],"147":[0,0],"148":[0,0],"149":[0,0],"150":[0,0],"151":[0,0],"152":[0,0],"153":[0,0],"154":[0,0],"155":[0,0],"156":[0,0],"157":[0,0],"158":[0,0],"159":[0,0],"160":[0,0]},"f":{"1":0,"2":0,"3":0,"4":0,"5":0,"6":0,"7":0,"8":0,"9":0,"10":0,"11":0,"12":0,"13":0,"14":0,"15":0,"16":0,"17":2,"18":0,"19":0,"20":0,"21":0,"22":0,"23":0,"24":0,"25":0,"26":0,"27":0,"28":0,"29":0,"30":0,"31":0,"32":0,"33":0,"34":0,"35":0,"36":0,"37":0,"38":0,"39":0,"40":0,"41":0,"42":0,"43":0,"44":0,"45":10,"46":4,"47":0,"48":0,"49":0,"50":0,"51":0,"52":0,"53":0,"54":0,"55":0,"56":0,"57":0,"58":0,"59":0,"60":0,"61":0,"62":0,"63":0,"64":0,"65":0,"66":0,"67":0,"68":0,"69":0,"70":0,"71":0,"72":0,"73":0,"74":0,"75":0,"76":0,"77":0,"78":0,"79":0,"80":0,"81":0,"82":0,"83":0,"84":0,"85":0,"86":0,"87":0,"88":0,"89":0,"90":0,"91":0,"92":0,"93":0,"94":0,"95":0,"96":0,"97":0,"98":0,"99":0,"100":0,"101":0,"102":0,"103":0,"104":0,"105":0,"106":0,"107":0,"108":0,"109":0,"110":0,"111":0,"112":0,"113":0,"114":0,"115":0,"116":0,"117":0,"118":0,"119":0,"120":0,"121":0,"122":0,"123":0,"124":0,"125":0,"126":0,"127":0,"128":0,"129":0,"130":0,"131":0,"132":0,"133":0,"134":0,"135":0,"136":0,"137":0,"138":0,"139":0,"140":0,"141":0,"142":0,"143":0,"144":0,"145":0,"146":0,"147":0,"148":0,"149":0,"150":0,"151":0,"152":0,"153":0,"154":0,"155":0},"fnMap":{"1":{"name":"pathEscape","line":27,"loc":{"start":{"line":27,"column":0},"end":{"line":27,"column":26}}},"2":{"name":"withCwd","line":32,"loc":{"start":{"line":32,"column":0},"end":{"line":32,"column":28}}},"3":{"name":"stripOptions","line":44,"loc":{"start":{"line":44,"column":0},"end":{"line":44,"column":27}}},"4":{"name":"PassiveListener","line":64,"loc":{"start":{"line":64,"column":0},"end":{"line":64,"column":27}}},"5":{"name":"wwenc","line":72,"loc":{"start":{"line":72,"column":0},"end":{"line":72,"column":39}}},"6":{"name":"FtpServer","line":77,"loc":{"start":{"line":77,"column":0},"end":{"line":77,"column":34}}},"7":{"name":"(anonymous_7)","line":95,"loc":{"start":{"line":95,"column":58},"end":{"line":95,"column":75}}},"8":{"name":"(anonymous_8)","line":98,"loc":{"start":{"line":98,"column":52},"end":{"line":98,"column":69}}},"9":{"name":"(anonymous_9)","line":107,"loc":{"start":{"line":107,"column":31},"end":{"line":107,"column":48}}},"10":{"name":"(anonymous_10)","line":110,"loc":{"start":{"line":110,"column":26},"end":{"line":110,"column":40}}},"11":{"name":"(anonymous_11)","line":113,"loc":{"start":{"line":113,"column":26},"end":{"line":113,"column":37}}},"12":{"name":"(anonymous_12)","line":119,"loc":{"start":{"line":119,"column":36},"end":{"line":119,"column":53}}},"13":{"name":"(anonymous_13)","line":155,"loc":{"start":{"line":155,"column":20},"end":{"line":155,"column":34}}},"14":{"name":"(anonymous_14)","line":158,"loc":{"start":{"line":158,"column":19},"end":{"line":158,"column":30}}},"15":{"name":"(anonymous_15)","line":161,"loc":{"start":{"line":161,"column":21},"end":{"line":161,"column":32}}},"16":{"name":"(anonymous_16)","line":164,"loc":{"start":{"line":164,"column":21},"end":{"line":164,"column":35}}},"17":{"name":"(anonymous_17)","line":169,"loc":{"start":{"line":169,"column":28},"end":{"line":169,"column":44}}},"18":{"name":"(anonymous_18)","line":170,"loc":{"start":{"line":170,"column":31},"end":{"line":170,"column":42}}},"19":{"name":"(anonymous_19)","line":175,"loc":{"start":{"line":175,"column":29},"end":{"line":175,"column":69}}},"20":{"name":"(anonymous_20)","line":187,"loc":{"start":{"line":187,"column":31},"end":{"line":187,"column":62}}},"21":{"name":"FtpConnection","line":191,"loc":{"start":{"line":191,"column":0},"end":{"line":191,"column":35}}},"22":{"name":"(anonymous_22)","line":199,"loc":{"start":{"line":199,"column":34},"end":{"line":199,"column":62}}},"23":{"name":"(anonymous_23)","line":204,"loc":{"start":{"line":204,"column":33},"end":{"line":204,"column":73}}},"24":{"name":"(anonymous_24)","line":207,"loc":{"start":{"line":207,"column":35},"end":{"line":207,"column":66}}},"25":{"name":"(anonymous_25)","line":211,"loc":{"start":{"line":211,"column":41},"end":{"line":211,"column":52}}},"26":{"name":"(anonymous_26)","line":215,"loc":{"start":{"line":215,"column":48},"end":{"line":215,"column":59}}},"27":{"name":"(anonymous_27)","line":222,"loc":{"start":{"line":222,"column":47},"end":{"line":222,"column":58}}},"28":{"name":"(anonymous_28)","line":225,"loc":{"start":{"line":225,"column":26},"end":{"line":225,"column":44}}},"29":{"name":"(anonymous_29)","line":230,"loc":{"start":{"line":230,"column":71},"end":{"line":230,"column":96}}},"30":{"name":"switchToSecure","line":251,"loc":{"start":{"line":251,"column":8},"end":{"line":251,"column":34}}},"31":{"name":"setupPassiveListener","line":263,"loc":{"start":{"line":263,"column":4},"end":{"line":263,"column":36}}},"32":{"name":"allOver","line":274,"loc":{"start":{"line":274,"column":6},"end":{"line":274,"column":30}}},"33":{"name":"(anonymous_33)","line":275,"loc":{"start":{"line":275,"column":15},"end":{"line":275,"column":29}}},"34":{"name":"(anonymous_34)","line":284,"loc":{"start":{"line":284,"column":34},"end":{"line":284,"column":48}}},"35":{"name":"(anonymous_35)","line":293,"loc":{"start":{"line":293,"column":41},"end":{"line":293,"column":60}}},"36":{"name":"(anonymous_36)","line":304,"loc":{"start":{"line":304,"column":38},"end":{"line":304,"column":49}}},"37":{"name":"(anonymous_37)","line":315,"loc":{"start":{"line":315,"column":25},"end":{"line":315,"column":40}}},"38":{"name":"(anonymous_38)","line":322,"loc":{"start":{"line":322,"column":40},"end":{"line":322,"column":59}}},"39":{"name":"(anonymous_39)","line":329,"loc":{"start":{"line":329,"column":21},"end":{"line":329,"column":32}}},"40":{"name":"allOver","line":335,"loc":{"start":{"line":335,"column":2},"end":{"line":335,"column":24}}},"41":{"name":"(anonymous_41)","line":340,"loc":{"start":{"line":340,"column":19},"end":{"line":340,"column":33}}},"42":{"name":"(anonymous_42)","line":348,"loc":{"start":{"line":348,"column":35},"end":{"line":348,"column":49}}},"43":{"name":"(anonymous_43)","line":353,"loc":{"start":{"line":353,"column":33},"end":{"line":353,"column":44}}},"44":{"name":"(anonymous_44)","line":357,"loc":{"start":{"line":357,"column":35},"end":{"line":357,"column":46}}},"45":{"name":"(anonymous_45)","line":366,"loc":{"start":{"line":366,"column":10},"end":{"line":366,"column":22}}},"46":{"name":"(anonymous_46)","line":374,"loc":{"start":{"line":374,"column":13},"end":{"line":374,"column":25}}},"47":{"name":"(anonymous_47)","line":378,"loc":{"start":{"line":378,"column":34},"end":{"line":378,"column":49}}},"48":{"name":"checkData","line":418,"loc":{"start":{"line":418,"column":4},"end":{"line":418,"column":25}}},"49":{"name":"(anonymous_49)","line":437,"loc":{"start":{"line":437,"column":40},"end":{"line":437,"column":52}}},"50":{"name":"(anonymous_50)","line":446,"loc":{"start":{"line":446,"column":40},"end":{"line":446,"column":52}}},"51":{"name":"(anonymous_51)","line":451,"loc":{"start":{"line":451,"column":40},"end":{"line":451,"column":61}}},"52":{"name":"(anonymous_52)","line":458,"loc":{"start":{"line":458,"column":30},"end":{"line":458,"column":41}}},"53":{"name":"(anonymous_53)","line":460,"loc":{"start":{"line":460,"column":73},"end":{"line":460,"column":98}}},"54":{"name":"switchToSecure","line":480,"loc":{"start":{"line":480,"column":6},"end":{"line":480,"column":32}}},"55":{"name":"(anonymous_55)","line":483,"loc":{"start":{"line":483,"column":31},"end":{"line":483,"column":46}}},"56":{"name":"(anonymous_56)","line":496,"loc":{"start":{"line":496,"column":40},"end":{"line":496,"column":52}}},"57":{"name":"(anonymous_57)","line":509,"loc":{"start":{"line":509,"column":39},"end":{"line":509,"column":62}}},"58":{"name":"(anonymous_58)","line":513,"loc":{"start":{"line":513,"column":23},"end":{"line":513,"column":45}}},"59":{"name":"(anonymous_59)","line":528,"loc":{"start":{"line":528,"column":40},"end":{"line":528,"column":61}}},"60":{"name":"(anonymous_60)","line":532,"loc":{"start":{"line":532,"column":55},"end":{"line":532,"column":69}}},"61":{"name":"(anonymous_61)","line":543,"loc":{"start":{"line":543,"column":40},"end":{"line":543,"column":61}}},"62":{"name":"(anonymous_62)","line":563,"loc":{"start":{"line":563,"column":40},"end":{"line":563,"column":56}}},"63":{"name":"(anonymous_63)","line":566,"loc":{"start":{"line":566,"column":21},"end":{"line":566,"column":43}}},"64":{"name":"(anonymous_64)","line":576,"loc":{"start":{"line":576,"column":40},"end":{"line":576,"column":61}}},"65":{"name":"(anonymous_65)","line":579,"loc":{"start":{"line":579,"column":40},"end":{"line":579,"column":61}}},"66":{"name":"(anonymous_66)","line":583,"loc":{"start":{"line":583,"column":40},"end":{"line":583,"column":61}}},"67":{"name":"(anonymous_67)","line":592,"loc":{"start":{"line":592,"column":32},"end":{"line":592,"column":68}}},"68":{"name":"(anonymous_68)","line":612,"loc":{"start":{"line":612,"column":54},"end":{"line":612,"column":75}}},"69":{"name":"handleFile","line":641,"loc":{"start":{"line":641,"column":4},"end":{"line":641,"column":28}}},"70":{"name":"(anonymous_70)","line":645,"loc":{"start":{"line":645,"column":58},"end":{"line":645,"column":78}}},"71":{"name":"(anonymous_71)","line":646,"loc":{"start":{"line":646,"column":57},"end":{"line":646,"column":77}}},"72":{"name":"finished","line":663,"loc":{"start":{"line":663,"column":4},"end":{"line":663,"column":24}}},"73":{"name":"(anonymous_73)","line":668,"loc":{"start":{"line":668,"column":14},"end":{"line":668,"column":26}}},"74":{"name":"(anonymous_74)","line":676,"loc":{"start":{"line":676,"column":12},"end":{"line":676,"column":27}}},"75":{"name":"(anonymous_75)","line":679,"loc":{"start":{"line":679,"column":35},"end":{"line":679,"column":50}}},"76":{"name":"leftPad","line":694,"loc":{"start":{"line":694,"column":0},"end":{"line":694,"column":30}}},"77":{"name":"(anonymous_77)","line":701,"loc":{"start":{"line":701,"column":37},"end":{"line":701,"column":72}}},"78":{"name":"(anonymous_78)","line":711,"loc":{"start":{"line":711,"column":32},"end":{"line":711,"column":43}}},"79":{"name":"whenReady","line":717,"loc":{"start":{"line":717,"column":4},"end":{"line":717,"column":33}}},"80":{"name":"success","line":721,"loc":{"start":{"line":721,"column":6},"end":{"line":721,"column":28}}},"81":{"name":"(anonymous_81)","line":774,"loc":{"start":{"line":774,"column":39},"end":{"line":774,"column":62}}},"82":{"name":"(anonymous_82)","line":778,"loc":{"start":{"line":778,"column":30},"end":{"line":778,"column":45}}},"83":{"name":"(anonymous_83)","line":793,"loc":{"start":{"line":793,"column":40},"end":{"line":793,"column":52}}},"84":{"name":"(anonymous_84)","line":798,"loc":{"start":{"line":798,"column":40},"end":{"line":798,"column":55}}},"85":{"name":"(anonymous_85)","line":801,"loc":{"start":{"line":801,"column":40},"end":{"line":801,"column":55}}},"86":{"name":"(anonymous_86)","line":804,"loc":{"start":{"line":804,"column":32},"end":{"line":804,"column":62}}},"87":{"name":"(anonymous_87)","line":859,"loc":{"start":{"line":859,"column":40},"end":{"line":859,"column":55}}},"88":{"name":"(anonymous_88)","line":862,"loc":{"start":{"line":862,"column":40},"end":{"line":862,"column":55}}},"89":{"name":"(anonymous_89)","line":865,"loc":{"start":{"line":865,"column":32},"end":{"line":865,"column":62}}},"90":{"name":"(anonymous_90)","line":892,"loc":{"start":{"line":892,"column":42},"end":{"line":892,"column":60}}},"91":{"name":"(anonymous_91)","line":908,"loc":{"start":{"line":908,"column":40},"end":{"line":908,"column":70}}},"92":{"name":"normalErrorHandler","line":914,"loc":{"start":{"line":914,"column":2},"end":{"line":914,"column":33}}},"93":{"name":"(anonymous_93)","line":930,"loc":{"start":{"line":930,"column":28},"end":{"line":930,"column":40}}},"94":{"name":"(anonymous_94)","line":947,"loc":{"start":{"line":947,"column":23},"end":{"line":947,"column":34}}},"95":{"name":"(anonymous_95)","line":963,"loc":{"start":{"line":963,"column":19},"end":{"line":963,"column":30}}},"96":{"name":"(anonymous_96)","line":970,"loc":{"start":{"line":970,"column":40},"end":{"line":970,"column":61}}},"97":{"name":"(anonymous_97)","line":994,"loc":{"start":{"line":994,"column":40},"end":{"line":994,"column":61}}},"98":{"name":"(anonymous_98)","line":1020,"loc":{"start":{"line":1020,"column":39},"end":{"line":1020,"column":60}}},"99":{"name":"(anonymous_99)","line":1030,"loc":{"start":{"line":1030,"column":40},"end":{"line":1030,"column":61}}},"100":{"name":"(anonymous_100)","line":1034,"loc":{"start":{"line":1034,"column":30},"end":{"line":1034,"column":44}}},"101":{"name":"(anonymous_101)","line":1042,"loc":{"start":{"line":1042,"column":40},"end":{"line":1042,"column":61}}},"102":{"name":"(anonymous_102)","line":1051,"loc":{"start":{"line":1051,"column":54},"end":{"line":1051,"column":85}}},"103":{"name":"afterOk","line":1061,"loc":{"start":{"line":1061,"column":2},"end":{"line":1061,"column":29}}},"104":{"name":"(anonymous_104)","line":1066,"loc":{"start":{"line":1066,"column":30},"end":{"line":1066,"column":47}}},"105":{"name":"(anonymous_105)","line":1086,"loc":{"start":{"line":1086,"column":14},"end":{"line":1086,"column":25}}},"106":{"name":"(anonymous_106)","line":1087,"loc":{"start":{"line":1087,"column":28},"end":{"line":1087,"column":47}}},"107":{"name":"(anonymous_107)","line":1092,"loc":{"start":{"line":1092,"column":27},"end":{"line":1092,"column":41}}},"108":{"name":"(anonymous_108)","line":1105,"loc":{"start":{"line":1105,"column":24},"end":{"line":1105,"column":41}}},"109":{"name":"(anonymous_109)","line":1109,"loc":{"start":{"line":1109,"column":23},"end":{"line":1109,"column":38}}},"110":{"name":"(anonymous_110)","line":1131,"loc":{"start":{"line":1131,"column":46},"end":{"line":1131,"column":77}}},"111":{"name":"afterOk","line":1141,"loc":{"start":{"line":1141,"column":2},"end":{"line":1141,"column":29}}},"112":{"name":"(anonymous_112)","line":1145,"loc":{"start":{"line":1145,"column":29},"end":{"line":1145,"column":53}}},"113":{"name":"(anonymous_113)","line":1166,"loc":{"start":{"line":1166,"column":14},"end":{"line":1166,"column":25}}},"114":{"name":"(anonymous_114)","line":1167,"loc":{"start":{"line":1167,"column":28},"end":{"line":1167,"column":47}}},"115":{"name":"(anonymous_115)","line":1195,"loc":{"start":{"line":1195,"column":39},"end":{"line":1195,"column":62}}},"116":{"name":"(anonymous_116)","line":1198,"loc":{"start":{"line":1198,"column":24},"end":{"line":1198,"column":39}}},"117":{"name":"(anonymous_117)","line":1209,"loc":{"start":{"line":1209,"column":40},"end":{"line":1209,"column":61}}},"118":{"name":"(anonymous_118)","line":1217,"loc":{"start":{"line":1217,"column":40},"end":{"line":1217,"column":61}}},"119":{"name":"(anonymous_119)","line":1221,"loc":{"start":{"line":1221,"column":96},"end":{"line":1221,"column":110}}},"120":{"name":"(anonymous_120)","line":1231,"loc":{"start":{"line":1231,"column":40},"end":{"line":1231,"column":61}}},"121":{"name":"(anonymous_121)","line":1235,"loc":{"start":{"line":1235,"column":53},"end":{"line":1235,"column":70}}},"122":{"name":"(anonymous_122)","line":1245,"loc":{"start":{"line":1245,"column":40},"end":{"line":1245,"column":61}}},"123":{"name":"(anonymous_123)","line":1252,"loc":{"start":{"line":1252,"column":40},"end":{"line":1252,"column":61}}},"124":{"name":"(anonymous_124)","line":1256,"loc":{"start":{"line":1256,"column":40},"end":{"line":1256,"column":61}}},"125":{"name":"(anonymous_125)","line":1266,"loc":{"start":{"line":1266,"column":55},"end":{"line":1266,"column":90}}},"126":{"name":"(anonymous_126)","line":1278,"loc":{"start":{"line":1278,"column":27},"end":{"line":1278,"column":39}}},"127":{"name":"(anonymous_127)","line":1285,"loc":{"start":{"line":1285,"column":25},"end":{"line":1285,"column":38}}},"128":{"name":"(anonymous_128)","line":1298,"loc":{"start":{"line":1298,"column":26},"end":{"line":1298,"column":40}}},"129":{"name":"(anonymous_129)","line":1315,"loc":{"start":{"line":1315,"column":27},"end":{"line":1315,"column":38}}},"130":{"name":"handleUpload","line":1331,"loc":{"start":{"line":1331,"column":2},"end":{"line":1331,"column":36}}},"131":{"name":"(anonymous_131)","line":1333,"loc":{"start":{"line":1333,"column":26},"end":{"line":1333,"column":41}}},"132":{"name":"(anonymous_132)","line":1339,"loc":{"start":{"line":1339,"column":34},"end":{"line":1339,"column":45}}},"133":{"name":"(anonymous_133)","line":1345,"loc":{"start":{"line":1345,"column":29},"end":{"line":1345,"column":43}}},"134":{"name":"(anonymous_134)","line":1349,"loc":{"start":{"line":1349,"column":30},"end":{"line":1349,"column":41}}},"135":{"name":"(anonymous_135)","line":1351,"loc":{"start":{"line":1351,"column":34},"end":{"line":1351,"column":45}}},"136":{"name":"(anonymous_136)","line":1361,"loc":{"start":{"line":1361,"column":47},"end":{"line":1361,"column":66}}},"137":{"name":"(anonymous_137)","line":1375,"loc":{"start":{"line":1375,"column":38},"end":{"line":1375,"column":49}}},"138":{"name":"handleUpload","line":1379,"loc":{"start":{"line":1379,"column":2},"end":{"line":1379,"column":26}}},"139":{"name":"dataHandler","line":1385,"loc":{"start":{"line":1385,"column":2},"end":{"line":1385,"column":28}}},"140":{"name":"closeHandler","line":1422,"loc":{"start":{"line":1422,"column":2},"end":{"line":1422,"column":26}}},"141":{"name":"(anonymous_141)","line":1428,"loc":{"start":{"line":1428,"column":75},"end":{"line":1428,"column":89}}},"142":{"name":"errorHandler","line":1453,"loc":{"start":{"line":1453,"column":2},"end":{"line":1453,"column":29}}},"143":{"name":"(anonymous_143)","line":1463,"loc":{"start":{"line":1463,"column":40},"end":{"line":1463,"column":60}}},"144":{"name":"success","line":1473,"loc":{"start":{"line":1473,"column":8},"end":{"line":1473,"column":27}}},"145":{"name":"failure","line":1476,"loc":{"start":{"line":1476,"column":8},"end":{"line":1476,"column":27}}},"146":{"name":"(anonymous_146)","line":1489,"loc":{"start":{"line":1489,"column":40},"end":{"line":1489,"column":60}}},"147":{"name":"success","line":1496,"loc":{"start":{"line":1496,"column":8},"end":{"line":1496,"column":49}}},"148":{"name":"panic","line":1497,"loc":{"start":{"line":1497,"column":10},"end":{"line":1497,"column":40}}},"149":{"name":"(anonymous_149)","line":1499,"loc":{"start":{"line":1499,"column":83},"end":{"line":1499,"column":95}}},"150":{"name":"setCwd","line":1503,"loc":{"start":{"line":1503,"column":10},"end":{"line":1503,"column":31}}},"151":{"name":"setRoot","line":1504,"loc":{"start":{"line":1504,"column":12},"end":{"line":1504,"column":35}}},"152":{"name":"(anonymous_152)","line":1515,"loc":{"start":{"line":1515,"column":40},"end":{"line":1515,"column":61}}},"153":{"name":"(anonymous_153)","line":1530,"loc":{"start":{"line":1530,"column":44},"end":{"line":1530,"column":64}}},"154":{"name":"failure","line":1540,"loc":{"start":{"line":1540,"column":8},"end":{"line":1540,"column":27}}},"155":{"name":"logIf","line":1551,"loc":{"start":{"line":1551,"column":0},"end":{"line":1551,"column":26}}}},"statementMap":{"1":{"start":{"line":1,"column":0},"end":{"line":1,"column":18}},"2":{"start":{"line":3,"column":0},"end":{"line":3,"column":25}},"3":{"start":{"line":4,"column":0},"end":{"line":4,"column":27}},"4":{"start":{"line":5,"column":0},"end":{"line":5,"column":31}},"5":{"start":{"line":6,"column":0},"end":{"line":6,"column":33}},"6":{"start":{"line":7,"column":0},"end":{"line":7,"column":29}},"7":{"start":{"line":8,"column":0},"end":{"line":8,"column":39}},"8":{"start":{"line":10,"column":0},"end":{"line":10,"column":29}},"9":{"start":{"line":11,"column":0},"end":{"line":11,"column":37}},"10":{"start":{"line":27,"column":0},"end":{"line":30,"column":1}},"11":{"start":{"line":28,"column":2},"end":{"line":28,"column":35}},"12":{"start":{"line":29,"column":2},"end":{"line":29,"column":14}},"13":{"start":{"line":32,"column":0},"end":{"line":41,"column":1}},"14":{"start":{"line":33,"column":2},"end":{"line":33,"column":41}},"15":{"start":{"line":34,"column":2},"end":{"line":34,"column":30}},"16":{"start":{"line":35,"column":2},"end":{"line":35,"column":20}},"17":{"start":{"line":36,"column":2},"end":{"line":38,"column":3}},"18":{"start":{"line":37,"column":4},"end":{"line":37,"column":25}},"19":{"start":{"line":39,"column":2},"end":{"line":39,"column":52}},"20":{"start":{"line":40,"column":2},"end":{"line":40,"column":14}},"21":{"start":{"line":44,"column":0},"end":{"line":62,"column":1}},"22":{"start":{"line":45,"column":2},"end":{"line":45,"column":32}},"23":{"start":{"line":46,"column":2},"end":{"line":46,"column":23}},"24":{"start":{"line":47,"column":2},"end":{"line":60,"column":3}},"25":{"start":{"line":48,"column":4},"end":{"line":48,"column":26}},"26":{"start":{"line":49,"column":4},"end":{"line":59,"column":5}},"27":{"start":{"line":50,"column":6},"end":{"line":55,"column":29}},"28":{"start":{"line":52,"column":11},"end":{"line":55,"column":29}},"29":{"start":{"line":53,"column":8},"end":{"line":53,"column":24}},"30":{"start":{"line":55,"column":8},"end":{"line":55,"column":29}},"31":{"start":{"line":57,"column":9},"end":{"line":59,"column":5}},"32":{"start":{"line":58,"column":6},"end":{"line":58,"column":23}},"33":{"start":{"line":61,"column":2},"end":{"line":61,"column":12}},"34":{"start":{"line":64,"column":0},"end":{"line":66,"column":1}},"35":{"start":{"line":65,"column":2},"end":{"line":65,"column":33}},"36":{"start":{"line":67,"column":0},"end":{"line":67,"column":53}},"37":{"start":{"line":72,"column":0},"end":{"line":75,"column":1}},"38":{"start":{"line":73,"column":2},"end":{"line":73,"column":36}},"39":{"start":{"line":74,"column":2},"end":{"line":74,"column":47}},"40":{"start":{"line":77,"column":0},"end":{"line":116,"column":1}},"41":{"start":{"line":78,"column":2},"end":{"line":78,"column":18}},"42":{"start":{"line":79,"column":2},"end":{"line":79,"column":33}},"43":{"start":{"line":81,"column":2},"end":{"line":81,"column":19}},"44":{
[...]
lse if (si < string.length - 1 && pattern.charAt(pi + 1) == string.charAt(si)) {","        pi += 2;","      }","    }","    else if (pc == '?') {","      ++pi;","    }","    else if (pc == c) {","      ++pi;","    }","    else {","      return false;","    }","  }","","  return (pi == pattern.length || (pi == pattern.length - 1 && pattern.charAt(pi) == '*')) &&","      si == string.length;","}","","function glob(path, fsm, callback, noWildcards) {","  var s = path.indexOf('*');","  var q = path.indexOf('?');","  var w;","  for (w = 0; !noWildcards && w < path.length && path.charAt(w) != '*' && path.charAt(w) != '?'; ++w);","","  if (w == path.length) { // There are no wildcards.","    fsm.readdir(path, function(err, contents) {","      if (err) {","        if (err.errno == constants.ENOTDIR) {","          statList(fsm, [path], function(err, list) {","            if (err)","              return callback(err);","            if (list.length != 1)","              throw new Error(\"Internal error in glob.js\");","            callback(null, list);","          });","        }","        else if (err.errno == constants.ENOENT) {","          callback(null, []);","        }","        else {","          callback(err);","        }","      }","      else {","        statList(fsm, contents.map(function(p) {","          return PathModule.join(path, p);","        }), function(err, list) {","          if (err)","            callback(err);","          else","            callback(null, list);","        });","      }","    });","","    return;","  }","  else {","    // Check that there is no '/' after the first wildcard.","","    var i;","    for (i = w; i < path.length; ++i) {","      if (path.charAt(i) == '/')","        return callback(null, []);","    }","","    var base = \"\", pattern;","    for (i = w; i >= 0; --i) {","      if (path.charAt(i) == '/') {","        base = path.substr(0, i + 1)","        break;","      }","    }","    pattern = path.substr(i == 0 ? 0 : i + 1);","","    // Remove any leading/trailing slashes which might still","    // be present if the path contains multiple slashes.","    for (i = 0; i < pattern.length && pattern.charAt(i) == '/'; ++i);","    if (i > 0)","      pattern = pattern.substr(i);","    for (i = base.length - 1; i > 0 && base.charAt(i) == '/'; --i);","    if (i != base.length - 1)","      base = base.substr(0, i + 1);","","    // We now have the base path in 'base' (possibly the empty string)","    // and the wildcard filename pattern in 'pattern'.","","    readTheDir(false);","    function readTheDir(listingSingleDir) {","      fsm.readdir(base, function(err, contents) {","        if (err) {","          if (err.errno == constants.ENOTDIR || err.errno == constants.ENOENT) {","            callback(null, []);","          }","          else {","            callback(err);","          }","        }","        else {","          var matches;","          if (!listingSingleDir)","            matches = contents.filter(function(n) {","              return matchPattern(pattern, n);","            });","          else","            matches = contents;","","          // Special case. If we have exactly one match, and it's a directory, then list","          // the contents of that directory. (There's no reason why anyone should want","          // to identify mutliple directories using wildcards and then list all of their","          // contents over FTP!)","          if (!listingSingleDir && matches.length == 1) {","            var dir = PathModule.join(base, matches[0]);","            fsm.stat(dir, function(err, st) {","              if (err)","                return callback(err);","","              if (!st.isDirectory()) {","                doTheNormalThing();","              }","              else {","                base = dir;","                readTheDir(/*listingSingleDir=*/true);","              }","            });","          }","          else {","            doTheNormalThing();","          }","","          function doTheNormalThing() {","            statList(fsm, matches.map(function(p) {","              return PathModule.join(base, p);","            }), function(err, list) {","              if (err)","                callback(err);","              else","                callback(null, list);","            });","          }","        }","      });","    }","  }","}","","exports.glob = glob;","exports.matchPattern = matchPattern;","exports.setMaxStatsAtOnce = setMaxStatsAtOnce;",""],"l":{"1":1,"5":1,"6":1,"7":0,"14":1,"15":0,"16":0,"18":0,"19":0,"20":0,"21":0,"22":0,"24":0,"26":1,"27":0,"28":0,"29":0,"30":0,"32":0,"33":0,"34":0,"35":0,"38":0,"40":0,"45":1,"46":0,"50":1,"51":0,"52":0,"53":0,"54":0,"56":0,"57":0,"60":0,"61":0,"62":0,"64":0,"65":0,"67":0,"68":0,"71":0,"72":0,"74":0,"75":0,"78":0,"82":0,"86":1,"87":0,"88":0,"89":0,"90":0,"92":0,"93":0,"94":0,"95":0,"96":0,"97":0,"98":0,"99":0,"100":0,"101":0,"104":0,"105":0,"108":0,"112":0,"113":0,"115":0,"116":0,"118":0,"123":0,"128":0,"129":0,"130":0,"131":0,"134":0,"135":0,"136":0,"137":0,"138":0,"141":0,"145":0,"146":0,"147":0,"148":0,"149":0,"150":0,"155":0,"156":1,"157":0,"158":0,"159":0,"160":0,"163":0,"167":0,"168":0,"169":0,"170":0,"173":0,"179":0,"180":0,"181":0,"182":0,"183":0,"185":0,"186":0,"189":0,"190":0,"195":0,"198":1,"199":0,"200":0,"202":0,"203":0,"205":0,"214":1,"215":1,"216":1}},"/home/travis/build/npmtest/node-npmtest-ftpd/node_modules/ftpd/lib/starttls.js":{"path":"/home/travis/build/npmtest/node-npmtest-ftpd/node_modules/ftpd/lib/starttls.js","s":{"1":1,"2":1,"3":1,"4":0,"5":1,"6":0,"7":1,"8":0,"9":0,"10":0,"11":0,"12":0,"13":0,"14":0,"15":0,"16":0,"17":0,"18":0,"19":0,"20":0,"21":0,"22":0,"23":0,"24":0,"25":0,"26":0,"27":0,"28":0,"29":0,"30":0,"31":0,"32":0,"33":0,"34":0,"35":0,"36":0,"37":1,"38":0,"39":0,"40":0,"41":0,"42":0,"43":0,"44":0,"45":1,"46":0,"47":1,"48":0,"49":0,"50":1,"51":0,"52":0,"53":0,"54":0,"55":0,"56":0,"57":0,"58":1,"59":0,"60":0,"61":0,"62":1,"63":0,"64":0,"65":0,"66":0,"67":0,"68":0,"69":1,"70":1,"71":1},"b":{"1":[0,0],"2":[0,0],"3":[0,0],"4":[0,0],"5":[0,0],"6":[0,0],"7":[0,0]},"f":{"1":0,"2":0,"3":0,"4":0,"5":0,"6":0,"7":0,"8":0,"9":0,"10":0,"11":0},"fnMap":{"1":{"name":"starttlsServer","line":28,"loc":{"start":{"line":28,"column":0},"end":{"line":28,"column":51}}},"2":{"name":"starttlsClient","line":31,"loc":{"start":{"line":31,"column":0},"end":{"line":31,"column":51}}},"3":{"name":"starttls","line":35,"loc":{"start":{"line":35,"column":0},"end":{"line":35,"column":55}}},"4":{"name":"(anonymous_4)","line":55,"loc":{"start":{"line":55,"column":20},"end":{"line":55,"column":31}}},"5":{"name":"(anonymous_5)","line":72,"loc":{"start":{"line":72,"column":21},"end":{"line":72,"column":35}}},"6":{"name":"forwardEvents","line":83,"loc":{"start":{"line":83,"column":0},"end":{"line":83,"column":66}}},"7":{"name":"forwardEvent","line":98,"loc":{"start":{"line":98,"column":0},"end":{"line":98,"column":24}}},"8":{"name":"removeEvents","line":102,"loc":{"start":{"line":102,"column":0},"end":{"line":102,"column":42}}},"9":{"name":"pipe","line":108,"loc":{"start":{"line":108,"column":0},"end":{"line":108,"column":28}}},"10":{"name":"onerror","line":120,"loc":{"start":{"line":120,"column":2},"end":{"line":120,"column":22}}},"11":{"name":"onclose","line":128,"loc":{"start":{"line":128,"column":2},"end":{"line":128,"column":21}}}},"statementMap":{"1":{"start":{"line":22,"column":0},"end":{"line":23,"column":31}},"2":{"start":{"line":26,"column":0},"end":{"line":26,"column":102}},"3":{"start":{"line":28,"column":0},"end":{"line":30,"column":1}},"4":{"start":{"line":29,"column":2},"end":{"line":29,"column":51}},"5":{"start":{"line":31,"column":0},"end":{"line":33,"column":1}},"6":{"start":{"line":32,"column":2},"end":{"line":32,"column":52}},"7":{"start":{"line":35,"column":0},"end":{"line":81,"column":1}},"8":{"start":{"line":36,"column":2},"end":{"line":36,"column":34}},"9":{"start":{"line":38,"column":2},"end":{"line":38,"column":17}},"10":{"start":{"line":39,"column":2},"end":{"line":41,"column":3}},"11":{"start":{"line":40,"column":4},"end":{"line":40,"column":25}},"12":{"start":{"line":42,"column":2},"end":{"line":43,"column":39}},"13":{"start":{"line":43,"column":4},"end":{"line":43,"column":39}},"14":{"start":{"line":45,"column":2},"end":{"line":45,"column":36}},"15":{"start":{"line":46,"column":2},"end":{"line":50,"column":3}},"16":{"start":{"line":47,"column":4},"end":{"line":47,"column":47}},"17":{"start":{"line":49,"column":4},"end":{"line":49,"column":48}},"18":{"start":{"line":51,"column":2},"end":{"line":51,"column":52}},"19":{"start":{"line":52,"column":2},"end":{"line":52,"column":33}},"20":{"start":{"line":54,"column":2},"end":{"line":54,"column":25}},"21":{"start":{"line":55,"column":2},"end":{"line":71,"column":5}},"22":{"start":{"line":56,"column":4},"end":{"line":59,"column":5}},"23":{"start":{"line":57,"column":6},"end":{"line":57,"column":17}},"24":{"start":{"line":58,"column":6},"end":{"line":58,"column":13}},"25":{"start":{"line":61,"column":4},"end":{"line":61,"column":60}},"26":{"start":{"line":63,"column":4},"end":{"line":68,"column":5}},"27":{"start":{"line":64,"column":6},"end":{"line":64,"column":35}},"28":{"start":{"line":65,"column":6},"end":{"line":65,"column":49}},"29":{"start":{"line":67,"column":6},"end":{"line":67,"column":34}},"30":{"start":{"line":70,"column":4},"end":{"line":70,"column":30}},"31":{"start":{"line":72,"column":2},"end":{"line":77,"column":5}},"32":{"start":{"line":73,"column":4},"end":{"line":76,"column":5}},"33":{"start":{"line":74,"column":6},"end":{"line":74,"column":24}},"34":{"start":{"line":75,"column":6},"end":{"line":75,"column":20}},"35":{"start":{"line":79,"column":2},"end":{"line":79,"column":36}},"36":{"start":{"line":80,"column":2},"end":{"line":80,"column":7}},"37":{"start":{"line":83,"column":0},"end":{"line":96,"column":1}},"38":{"start":{"line":84,"column":2},"end":{"line":84,"column":30}},"39":{"start":{"line":86,"column":2},"end":{"line":93,"column":3}},"40":{"start":{"line":87,"column":4},"end":{"line":87,"column":21}},"41":{"start":{"line":89,"column":4},"end":{"line":89,"column":58}},"42":{"start":{"line":91,"column":4},"end":{"line":91,"column":19}},"43":{"start":{"line":92,"column":4},"end":{"line":92,"column":36}},"44":{"start":{"line":95,"column":2},"end":{"line":95,"column":13}},"45":{"start":{"line":98,"column":0},"end":{"line":100,"column":1}},"46":{"start":{"line":99,"column":2},"end":{"line":99,"column":35}},"47":{"start":{"line":102,"column":0},"end":{"line":106,"column":1}},"48":{"start":{"line":103,"column":2},"end":{"line":105,"column":3}},"49":{"start":{"line":104,"column":4},"end":{"line":104,"column":45}},"50":{"start":{"line":108,"column":0},"end":{"line":138,"column":1}},"51":{"start":{"line":109,"column":2},"end":{"line":109,"column":30}},"52":{"start":{"line":110,"column":2},"end":{"line":110,"column":30}},"53":{"start":{"line":112,"column":2},"end":{"line":112,"column":22}},"54":{"start":{"line":114,"column":2},"end":{"line":114,"column":33}},"55":{"start":{"line":116,"column":2},"end":{"line":116,"column":28}},"56":{"start":{"line":117,"column":2},"end":{"line":117,"column":39}},"57":{"start":{"line":118,"column":2},"end":{"line":118,"column":31}},"58":{"start":{"line":120,"column":2},"end":{"line":124,"column":3}},"59":{"start":{"line":121,"column":4},"end":{"line":123,"column":5}},"60":{"start":{"line":122,"column":6},"end":{"line":122,"column":33}},"61":{"start":{"line":126,"column":2},"end":{"line":126,"column":92}},"62":{"start":{"line":128,"column":2},"end":{"line":132,"column":3}},"63":{"start":{"line":129,"column":4},"end":{"line":129,"column":44}},"64":{"start":{"line":130,"column":4},"end":{"line":130,"column":44}},"65":{"start":{"line":131,"column":4},"end":{"line":131,"column":30}},"66":{"start":{"line":134,"column":2},"end":{"line":134,"column":30}},"67":{"start":{"line":135,"column":2},"end":{"line":135,"column":30}},"68":{"start":{"line":137,"column":2},"end":{"line":137,"column":19}},"69":{"start":{"line":140,"column":0},"end":{"line":140,"column":40}},"70":{"start":{"line":141,"column":0},"end":{"line":141,"column":40}},"71":{"start":{"line":142,"column":0},"end":{"line":142,"column":50}}},"branchMap":{"1":{"line":42,"type":"if","locations":[{"start":{"line":42,"column":2},"end":{"line":42,"column":2}},{"start":{"line":42,"column":2},"end":{"line":42,"column":2}}]},"2":{"line":46,"type":"if","locations":[{"start":{"line":46,"column":2},"end":{"line":46,"column":2}},{"start":{"line":46,"column":2},"end":{"line":46,"column":2}}]},"3":{"line":56,"type":"if","locations":[{"start":{"line":56,"column":4},"end":{"line":56,"column":4}},{"start":{"line":56,"column":4},"end":{"line":56,"column":4}}]},"4":{"line":61,"type":"binary-expr","locations":[{"start":{"line":61,"column":23},"end":{"line":61,"column":32}},{"start":{"line":61,"column":36},"end":{"line":61,"column":44}}]},"5":{"line":63,"type":"if","locations":[{"start":{"line":63,"column":4},"end":{"line":63,"column":4}},{"start":{"line":63,"column":4},"end":{"line":63,"column":4}}]},"6":{"line":73,"type":"if","locations":[{"start":{"line":73,"column":4},"end":{"line":73,"column":4}},{"start":{"line":73,"column":4},"end":{"line":73,"column":4}}]},"7":{"line":121,"type":"if","locations":[{"start":{"line":121,"column":4},"end":{"line":121,"column":4}},{"start":{"line":121,"column":4},"end":{"line":121,"column":4}}]}},"code":["// Modified slightly from","// https://github.com/andris9/rai/blob/master/lib/starttls.js","// (This code is MIT licensed.)","","//","// Target API:","//","//  var s = require('net').createStream(25, 'smtp.example.com');","//  s.on('connect', function() {","//    require('starttls')(s, options, function() {","//      if (!s.authorized) {","//        s.destroy();","//        return;","//      }","//","//      s.end(\"hello world\\n\");","//    });","//  });","//","//","","var tls = require('tls'),","    crypto = require('crypto');","","// From Node docs for TLS module.","var RECOMMENDED_CIPHERS = 'ECDHE-RSA-AES256-SHA:AES256-SHA:RC4-SHA:RC4:HIGH:!MD5:!aNULL:!EDH:!AESGCM';","","function starttlsServer(socket, options, callback) {","  return starttls(socket, options, callback, true);","}","function starttlsClient(socket, options, callback) {","  return starttls(socket, options, callback, false);","}","","function starttls(socket, options, callback, isServer) {","  var sslcontext, pair, cleartext;","","  var opts = { };","  for (k in options) {","    opts[k] = options[k];","  }","  if (!opts.ciphers)","    opts.ciphers = RECOMMENDED_CIPHERS;","","  socket.removeAllListeners(\"data\");","  if (tls.createSecureContext) {","    sslcontext = tls.createSecureContext(opts);","  } else {","    sslcontext = crypto.createCredentials(opts);","  }","  pair = tls.createSecurePair(sslcontext, isServer);","  cleartext = pipe(pair, socket);","","  var erroredOut = false;","  pair.on('secure', function() {","    if (erroredOut) {","      pair.end();","      return;","    }","","    var verifyError = (pair._ssl || pair.ssl).verifyError();","","    if (verifyError) {","      cleartext.authorized = false;","      cleartext.authorizationError = verifyError;","    } else {","      cleartext.authorized = true;","    }","","    callback(null, cleartext);","  });","  pair.once('error', function(err) {","    if (!erroredOut) {","      erroredOut = true;","      callback(err);","    }","  });","","  cleartext._controlReleased = true;","  pair;","}","","function forwardEvents(events, emitterSource, emitterDestination) {","  var map = [], name, handler;","","  for (var i = 0, len = events.length; i < len; i++) {","    name = events[i];","","    handler = forwardEvent.bind(emitterDestination, name);","","    map.push(name);","    emitterSource.on(name, handler);","  }","","  return map;","}","","function forwardEvent() {","  this.emit.apply(this, arguments);","}","","function removeEvents(map, emitterSource) {","  for (var i = 0, len = map.length; i < len; i++) {","    emitterSource.removeAllListeners(map[i]);","  }","}","","function pipe(pair, socket) {","  pair.encrypted.pipe(socket);","  socket.pipe(pair.encrypted);","","  pair.fd = socket.fd;","","  var cleartext = pair.cleartext;","","  cleartext.socket = socket;","  cleartext.encrypted = pair.encrypted;","  cleartext.authorized = false;","","  function onerror(e) {","    if (cleartext._controlReleased) {","      cleartext.emit('error', e);","    }","  }","","  var map = forwardEvents([\"timeout\", \"end\", \"close\", \"drain\", \"error\"], socket, cleartext);","","  function onclose() {","    socket.removeListener('error', onerror);","    socket.removeListener('close', onclose);","    removeEvents(map, socket);","  }","","  socket.on('error', onerror);","  socket.on('close', onclose);","","  return cleartext;","}","","exports.starttlsServer = starttlsServer;","exports.starttlsClient = starttlsClient;","exports.RECOMMENDED_CIPHERS = RECOMMENDED_CIPHERS;"],"l":{"22":1,"26":1,"28":1,"29":0,"31":1,"32":0,"35":1,"36":0,"38":0,"39":0,"40":0,"42":0,"43":0,"45":0,"46":0,"47":0,"49":0,"51":0,"52":0,"54":0,"55":0,"56":0,"57":0,"58":0,"61":0,"63":0,"64":0,"65":0,"67":0,"70":0,"72":0,"73":0,"74":0,"75":0,"79":0,"80":0,"83":1,"84":0,"86":0,"87":0,"89":0,"91":0,"92":0,"95":0,"98":1,"99":0,"102":1,"103":0,"104":0,"108":1,"109":0,"110":0,"112":0,"114":0,"116":0,"117":0,"118":0,"120":1,"121":0,"122":0,"126":0,"128":1,"129":0,"130":0,"131":0,"134":0,"135":0,"137":0,"140":1,"141":1,"142":1}},"/home/travis/build/npmtest/node-npmtest-ftpd/node_modules/ftpd/_.js":{"path":"/home/travis/build/npmtest/node-npmtest-ftpd/node_modules/ftpd/_.js","s":{"1":2,"2":0,"3":0,"4":0,"5":0,"6":0,"7":0,"8":0,"9":0,"10":0},"b":{"1":[0,0],"2":[0,0]},"f":{"1":0,"2":0,"3":0},"fnMap":{"1":{"name":"(anonymous_1)","line":2,"loc":{"start":{"line":2,"column":11},"end":{"line":2,"column":42}}},"2":{"name":"(anonymous_2)","line":5,"loc":{"start":{"line":5,"column":24},"end":{"line":5,"column":41}}},"3":{"name":"(anonymous_3)","line":9,"loc":{"start":{"line":9,"column":26},"end":{"line":9,"column":40}}}},"statementMap":{"1":{"start":{"line":1,"column":0},"end":{"line":22,"column":3}},"2":{"start":{"line":3,"column":4},"end":{"line":3,"column":29}},"3":{"start":{"line":4,"column":4},"end":{"line":4,"column":74}},"4":{"start":{"line":5,"column":4},"end":{"line":17,"column":7}},"5":{"start":{"line":6,"column":6},"end":{"line":16,"column":7}},"6":{"start":{"line":7,"column":8},"end":{"line":7,"column":32}},"7":{"start":{"line":9,"column":8},"end":{"line":15,"column":11}},"8":{"start":{"line":10,"column":10},"end":{"line":14,"column":11}},"9":{"start":{"line":11,"column":12},"end":{"line":11,"column":32}},"10":{"start":{"line":13,"column":12},"end":{"line":13,"column":35}}},"branchMap":{"1":{"line":6,"type":"if","locations":[{"start":{"line":6,"column":6},"end":{"line":6,"column":6}},{"start":{"line":6,"column":6},"end":{"line":6,"column":6}}]},"2":{"line":10,"type":"if","locations":[{"start":{"line":10,"column":10},"end":{"line":10,"column":10}},{"start":{"line":10,"column":10},"end":{"line":10,"column":10}}]}},"code":["a({","  getRoot: function(connection, callback) {","    var rootDir = '/my_home';","    var rootPath = process.cwd() + '/' + connection.username + '/my_home';","    fs.exists(rootPath, function(exists) {","      if (exists) {","        callback(null, rootDir);","      } else {","        fs.mkDir(userDir, function(err) {","          if (err) {","            callback(null, '/'); // default to root","          } else {","            callback(err, rootDir);","          }","        });","      }","    });","  }","  // If the subdir exists, callback immediately with relative path to that directory","  // If not, create the directory, and callback relative path to the directory","  // Stupidly, instead of failing, we apparently want 'worst case' scenario to allow relative root.","});",""],"l":{"1":2,"3":0,"4":0,"5":0,"6":0,"7":0,"9":0,"10":0,"11":0,"13":0}}}